#
# A fatal error has been detected by the Java Runtime Environment:
#
#  EXCEPTION_ACCESS_VIOLATION (0xc0000005) at pc=0x000001fb76d95108, pid=17504, tid=1528
#
# JRE version: OpenJDK Runtime Environment Temurin-23.0.1+11 (23.0.1+11) (build 23.0.1+11)
# Java VM: OpenJDK 64-Bit Server VM Temurin-23.0.1+11 (23.0.1+11, mixed mode, sharing, tiered, compressed oops, compressed class ptrs, g1 gc, windows-amd64)
# Problematic frame:
# j  java.lang.invoke.DirectMethodHandle$Holder.newInvokeSpecial(Ljava/lang/Object;)Ljava/lang/Object;+15 java.base@23.0.1
#
# No core dump will be written. Minidumps are not enabled by default on client versions of Windows
#
# If you would like to submit a bug report, please visit:
#   https://github.com/adoptium/adoptium-support/issues
#

---------------  S U M M A R Y ------------

Command Line: -XX:+ShowCodeDetailsInExceptionMessages -agentlib:jdwp=transport=dt_socket,suspend=y,address=localhost:55269 -javaagent:C:\Users\athit\eclipse\java-2024-09\eclipse\configuration\org.eclipse.osgi\251\0\.cp\lib\javaagent-shaded.jar -Dfile.encoding=UTF-8 -Dstdout.encoding=UTF-8 -Dstderr.encoding=UTF-8 com.reviewApp.reviewApp.ReviewAppApplication

Host: Intel(R) Core(TM) i5-8300H CPU @ 2.30GHz, 8 cores, 7G,  Windows 10 , 64 bit Build 19041 (10.0.19041.5072)
Time: Sun Nov 17 22:09:47 2024 India Standard Time elapsed time: 70.648844 seconds (0d 0h 1m 10s)

---------------  T H R E A D  ---------------

Current thread (0x000001fb4a22cea0):  JavaThread "restartedMain"        [_thread_in_Java, id=1528, stack(0x000000c1fdb00000,0x000000c1fdc00000) (1024K)]

Stack: [0x000000c1fdb00000,0x000000c1fdc00000],  sp=0x000000c1fdbfe2c0,  free space=1016k
Native frames: (J=compiled Java code, j=interpreted, Vv=VM code, C=native code)
C  0x000001fb76d95108  (no source info available)

The last pc belongs to invokestatic (printed below).

siginfo: EXCEPTION_ACCESS_VIOLATION (0xc0000005), reading address 0xffffffffffffffff


Registers:
RAX=0x000001fb45990c08, RBX=0x000001fb45024080, RCX=0x000001fb040111d0, RDX=0x0000000000000002
RSP=0x000000c1fdbfe2c0, RBP=0x000000c1fdbfe318, RSI=0x000001fb517d3778, RDI=0x000001fb4caa6940
R8 =0x0000000000000004, R9 =0x0000000000000004, R10=0x00007ffcc78abae0, R11=0x000001fb041e5080
R12=0x0000000000000000, R13=0xfffffffffffffff7, R14=0x000000c1fdbfe338, R15=0x000001fb4a22cea0
RIP=0x000001fb76d95108, EFLAGS=0x0000000000010282


Register to memory mapping:

RAX=0x000001fb45990c08 is pointing into metadata
RBX={method} {0x000001fb45024088} 'linkToSpecial' '(Ljava/lang/Object;Ljava/lang/invoke/MemberName;)V' in 'java/lang/invoke/MethodHandle'
RCX=0x000001fb040111d0 is pointing into metadata
RDX=0x0000000000000002 is an unknown value
RSP=0x000000c1fdbfe2c0 is pointing into the stack for thread: 0x000001fb4a22cea0
RBP=0x000000c1fdbfe318 is pointing into the stack for thread: 0x000001fb4a22cea0
RSI=0x000001fb517d3778 points into unknown readable memory: 0x80001100584069cc | cc 69 40 58 00 11 00 80
RDI=0x000001fb4caa6940 points into unknown readable memory: 0x0000001800000070 | 70 00 00 00 18 00 00 00
R8 =0x0000000000000004 is an unknown value
R9 =0x0000000000000004 is an unknown value
R10=0x00007ffcc78abae0 jvm.dll
R11={method} {0x000001fb041e5088} 'newInvokeSpecial' '(Ljava/lang/Object;)Ljava/lang/Object;' in 'java/lang/invoke/DirectMethodHandle$Holder'
R12=0x0 is null
R13=0xfffffffffffffff7 is an unknown value
R14=0x000000c1fdbfe338 is pointing into the stack for thread: 0x000001fb4a22cea0
R15=0x000001fb4a22cea0 is a thread

Top of Stack: (sp=0x000000c1fdbfe2c0)
0x000000c1fdbfe2c0:   000001fb76d79054 000000008431e368
0x000000c1fdbfe2d0:   fffffffffffffff7 000001fb047f12f7
0x000000c1fdbfe2e0:   0000000000000004 000001fb041e1370
0x000000c1fdbfe2f0:   000001fb45990c00 00000000827a1730
0x000000c1fdbfe300:   000001fb041e5080 0000000000000000
0x000000c1fdbfe310:   000000c1fdbfe340 000000c1fdbfe6e0
0x000000c1fdbfe320:   000001fb6fb8495a 000000008431e2c0
0x000000c1fdbfe330:   000000008431e368 000000008431e320
0x000000c1fdbfe340:   0000000000000000 0000000000000000
0x000000c1fdbfe350:   0000000083188ef8 000000008431dfa8
0x000000c1fdbfe360:   0000000083188ef8 0000000082d32028
0x000000c1fdbfe370:   000000008431e0e0 0000000000000000
0x000000c1fdbfe380:   000000c1fdbfe6e0 000001fb6ff1d8b4
0x000000c1fdbfe390:   000000c1fdbfe6e0 000001fb6ff4597c
0x000000c1fdbfe3a0:   0000000000000000 0000000000000000
0x000000c1fdbfe3b0:   0000000000000000 0000000000000000
0x000000c1fdbfe3c0:   0000000000000000 0000000000000000
0x000000c1fdbfe3d0:   0000000000000000 0000000000000000
0x000000c1fdbfe3e0:   0000000000000000 0000000000000000
0x000000c1fdbfe3f0:   0000000000000000 000000008431e350
0x000000c1fdbfe400:   000000008431e138 000000008431dfa8
0x000000c1fdbfe410:   0000000082d32028 000000008431e0e0
0x000000c1fdbfe420:   0000000083188ef8 0000000000000001
0x000000c1fdbfe430:   000000c1fdbfe6e0 000001fb700200c4
0x000000c1fdbfe440:   0000000000000000 0000000000000000
0x000000c1fdbfe450:   000000c1fdbfe6e0 000000008431e320
0x000000c1fdbfe460:   0000000000000000 0000000000000000
0x000000c1fdbfe470:   0000000000000000 0000000000000000
0x000000c1fdbfe480:   000001fb4a22cea0 0000000000000000
0x000000c1fdbfe490:   000000008431e0e0 0000000000000000
0x000000c1fdbfe4a0:   000000008431dfa8 000000008431e350
0x000000c1fdbfe4b0:   000000008431e0e0 0000000000000000 

Instructions: (pc=0x000001fb76d95108)
0x000001fb76d95008:   ff d0 48 83 c4 20 ff e0 49 83 7f 08 00 0f 84 05
0x000001fb76d95018:   00 00 00 e9 a0 be fd ff 4c 8b 6d c0 4c 8b 75 c8
0x000001fb76d95028:   4e 8d 74 f5 00 c3 48 8b 4d d0 41 0f b7 55 01 48
0x000001fb76d95038:   8b 49 30 6b d2 18 48 8d 4c 11 08 48 8b 19 48 8b
0x000001fb76d95048:   5b 08 48 8b 5b 08 48 8b 5b 18 80 bb 31 01 00 00
0x000001fb76d95058:   04 0f 84 0d 00 00 00 4c 3b bb 38 01 00 00 0f 85
0x000001fb76d95068:   63 fe ff ff 0f b6 51 15 48 8b 19 4c 89 6d c0 44
0x000001fb76d95078:   8b ea 0f b6 51 14 49 ba e0 ba 8a c7 fc 7f 00 00
0x000001fb76d95088:   49 8b 14 d2 52 41 8b d5 4c 8b 6d c0 48 8b 45 d8
0x000001fb76d95098:   48 85 c0 0f 84 12 00 00 00 48 83 40 08 01 48 83
0x000001fb76d950a8:   58 08 00 48 83 c0 10 48 89 45 d8 48 8b 45 d8 48
0x000001fb76d950b8:   85 c0 0f 84 3d 01 00 00 80 78 f0 0a 0f 85 33 01
0x000001fb76d950c8:   00 00 48 83 c0 08 4c 8b 68 f8 41 83 ed 00 41 83
0x000001fb76d950d8:   fd 02 0f 8c 12 01 00 00 4c 8b 6b 08 45 0f b7 6d
0x000001fb76d950e8:   2e 4c 2b 28 41 83 ed 01 4e 8b 6c ec 08 4d 85 ed
0x000001fb76d950f8:   75 0e f6 40 08 01 75 58 f0 48 83 48 08 01 eb 50
0x000001fb76d95108:   45 8b 6d 08 49 ba 00 00 00 04 fb 01 00 00 4d 03
0x000001fb76d95118:   ea 4d 8b d5 4c 33 68 08 49 f7 c5 fc ff ff ff 74
0x000001fb76d95128:   2f 41 f6 c5 02 75 29 48 83 78 08 00 74 1e 48 83
0x000001fb76d95138:   78 08 01 74 17 4d 8b ea 4c 33 68 08 49 f7 c5 fc
0x000001fb76d95148:   ff ff ff 74 0b 48 83 48 08 02 eb 04 4c 89 68 08
0x000001fb76d95158:   48 83 c0 10 4c 8b 68 e8 41 83 ed 02 41 83 fd 02
0x000001fb76d95168:   0f 8c 84 00 00 00 4c 8b 6b 08 45 0f b7 6d 2e 4c
0x000001fb76d95178:   2b 28 41 83 ed 01 4e 8b 6c ec 08 4d 85 ed 75 0e
0x000001fb76d95188:   f6 40 08 01 75 58 f0 48 83 48 08 01 eb 50 45 8b
0x000001fb76d95198:   6d 08 49 ba 00 00 00 04 fb 01 00 00 4d 03 ea 4d
0x000001fb76d951a8:   8b d5 4c 33 68 08 49 f7 c5 fc ff ff ff 74 2f 41
0x000001fb76d951b8:   f6 c5 02 75 29 48 83 78 08 00 74 1e 48 83 78 08
0x000001fb76d951c8:   01 74 17 4d 8b ea 4c 33 68 08 49 f7 c5 fc ff ff
0x000001fb76d951d8:   ff 74 0b 48 83 48 08 02 eb 04 4c 89 68 08 48 83
0x000001fb76d951e8:   c0 10 4c 8b 68 d8 41 83 ed 04 41 c1 e5 03 49 03
0x000001fb76d951f8:   c5 48 89 45 d8 4c 8d 6c 24 08 49 8b cd 48 2b cd 


Stack slot to memory mapping:

stack at sp + 0 slots: 0x000001fb76d79054 is at code_begin+3476 in an Interpreter codelet
return entry points  [0x000001fb76d782c0, 0x000001fb76d7a4c0]  8704 bytes
stack at sp + 1 slots: 0x000000008431e368 is an oop: com.reviewApp.reviewApp.controller.ReviewController 
{0x000000008431e368} - klass: 'com/reviewApp/reviewApp/controller/ReviewController'
 - ---- fields (total size 2 words):
 - private 'repo' 'Lcom/reviewApp/reviewApp/repo/ReviewRepo;' @12  null (0x00000000)
stack at sp + 2 slots: 0xfffffffffffffff7 is an unknown value
stack at sp + 3 slots: 0x000001fb047f12f7 is pointing into metadata
stack at sp + 4 slots: 0x0000000000000004 is an unknown value
stack at sp + 5 slots: 0x000001fb041e1370 is pointing into metadata
stack at sp + 6 slots: 0x000001fb45990c00 is pointing into metadata
stack at sp + 7 slots: 0x00000000827a1730 is an oop: java.lang.Class 
{0x00000000827a1730} - klass: 'java/lang/Class'
 - ---- fields (total size 14 words):
 - private volatile transient 'classRedefinedCount' 'I' @12  0 (0x00000000)
 - injected 'klass' 'J' @16  2177617498472 (0x000001fb041e1168)
 - injected 'array_klass' 'J' @24  0 (0x0000000000000000)
 - injected 'oop_size' 'I' @32  14 (0x0000000e)
 - injected 'static_oop_field_count' 'I' @36  0 (0x00000000)
 - private volatile transient 'cachedConstructor' 'Ljava/lang/reflect/Constructor;' @40  null (0x00000000)
 - private transient 'name' 'Ljava/lang/String;' @44  null (0x00000000)
 - private transient 'module' 'Ljava/lang/Module;' @48  a 'java/lang/Module'{0x00000000827d6848} (0x827d6848)
 - private final 'classLoader' 'Ljava/lang/ClassLoader;' @52  null (0x00000000)
 - private transient 'classData' 'Ljava/lang/Object;' @56  null (0x00000000)
 - private transient 'packageName' 'Ljava/lang/String;' @60  null (0x00000000)
 - private final 'componentType' 'Ljava/lang/Class;' @64  null (0x00000000)
 - private volatile transient 'reflectionData' 'Ljava/lang/ref/SoftReference;' @68  null (0x00000000)
 - private volatile transient 'genericInfo' 'Lsun/reflect/generics/repository/ClassRepository;' @72  null (0x00000000)
 - private volatile transient 'enumConstants' '[Ljava/lang/Object;' @76  null (0x00000000)
 - private volatile transient 'enumConstantDirectory' 'Ljava/util/Map;' @80  null (0x00000000)
 - private volatile transient 'annotationData' 'Ljava/lang/Class$AnnotationData;' @84  null (0x00000000)
 - private volatile transient 'annotationType' 'Lsun/reflect/annotation/AnnotationType;' @88  null (0x00000000)
 - transient 'classValueMap' 'Ljava/lang/ClassValue$ClassValueMap;' @92  null (0x00000000)
 - injected 'protection_domain' 'Ljava/lang/Object;' @96  null (0x00000000)
 - injected 'signers_name' 'Ljava/lang/Object;' @100  null (0x00000000)
 - injected 'source_file' 'Ljava/lang/Object;' @104  null (0x00000000)
 - signature: Ljava/lang/invoke/DirectMethodHandle$Holder;
 - ---- static fields (0):

Lock stack of current Java thread (top to bottom):

invokestatic  184 invokestatic  [0x000001fb76d94e80, 0x000001fb76d95220]  928 bytes
[MachCode]
  0x000001fb76d94e80: 4883 ec08 | c5fa 1104 | 24eb 1f48 | 83ec 10c5 | fb11 0424 | eb14 4883 | ec10 4889 | 0424 48c7 
  0x000001fb76d94ea0: 4424 0800 | 0000 00eb | 0150 488b | 4dd0 410f | b755 0148 | 8b49 306b | d218 488d | 4c11 080f 
  0x000001fb76d94ec0: b659 1681 | fbb8 0000 | 000f 8474 | 0100 00bb | b800 0000 | e805 0000 | 00e9 5001 | 0000 488b 
  0x000001fb76d94ee0: d348 8d44 | 2408 4c89 | 6dc0 498b | cfc5 f877 | 4989 afb0 | 0300 0049 | 8987 a003 | 0000 4883 
  0x000001fb76d94f00: ec20 40f6 | c40f 0f84 | 1900 0000 | 4883 ec08 | 48b8 30b8 | f8c6 fc7f | 0000 ffd0 | 4883 c408 
  0x000001fb76d94f20: e90c 0000 | 0048 b830 | b8f8 c6fc | 7f00 00ff | d048 83c4 | 2049 c787 | a003 0000 | 0000 0000 
  0x000001fb76d94f40: 49c7 87b0 | 0300 0000 | 0000 0049 | c787 a803 | 0000 0000 | 0000 c5f8 | 7741 8b8f | 2c05 0000 
  0x000001fb76d94f60: f6c1 010f | 8442 0000 | 00f6 c102 | 0f85 3900 | 0000 4883 | ec20 40f6 | c40f 0f84 | 1900 0000 
  0x000001fb76d94f80: 4883 ec08 | 48b8 b062 | f8c6 fc7f | 0000 ffd0 | 4883 c408 | e90c 0000 | 0048 b8b0 | 62f8 c6fc 
  0x000001fb76d94fa0: 7f00 00ff | d048 83c4 | 20ff e049 | 8b8f d805 | 0000 4885 | c90f 8455 | 0000 008b | 899c 0000 
  0x000001fb76d94fc0: 0083 f901 | 0f85 4600 | 0000 498b | 8fd8 0500 | 008b 89a0 | 0000 0048 | 83ec 2040 | f6c4 0f0f 
  0x000001fb76d94fe0: 8419 0000 | 0048 83ec | 0848 b8a0 | 62f8 c6fc | 7f00 00ff | d048 83c4 | 08e9 0c00 | 0000 48b8 
  0x000001fb76d95000: a062 f8c6 | fc7f 0000 | ffd0 4883 | c420 ffe0 | 4983 7f08 | 000f 8405 | 0000 00e9 | a0be fdff 
  0x000001fb76d95020: 4c8b 6dc0 | 4c8b 75c8 | 4e8d 74f5 | 00c3 488b | 4dd0 410f | b755 0148 | 8b49 306b | d218 488d 
  0x000001fb76d95040: 4c11 0848 | 8b19 488b | 5b08 488b | 5b08 488b | 5b18 80bb | 3101 0000 | 040f 840d | 0000 004c 
  0x000001fb76d95060: 3bbb 3801 | 0000 0f85 | 63fe ffff | 0fb6 5115 | 488b 194c | 896d c044 | 8bea 0fb6 | 5114 49ba 
  0x000001fb76d95080: e0ba 8ac7 | fc7f 0000 | 498b 14d2 | 5241 8bd5 | 4c8b 6dc0 | 488b 45d8 | 4885 c00f | 8412 0000 
  0x000001fb76d950a0: 0048 8340 | 0801 4883 | 5808 0048 | 83c0 1048 | 8945 d848 | 8b45 d848 | 85c0 0f84 | 3d01 0000 
  0x000001fb76d950c0: 8078 f00a | 0f85 3301 | 0000 4883 | c008 4c8b | 68f8 4183 | ed00 4183 | fd02 0f8c | 1201 0000 
  0x000001fb76d950e0: 4c8b 6b08 | 450f b76d | 2e4c 2b28 | 4183 ed01 | 4e8b 6cec | 084d 85ed | 750e f640 | 0801 7558 
  0x000001fb76d95100: f048 8348 | 0801 eb50 | 458b 6d08 | 49ba 0000 | 0004 fb01 | 0000 4d03 | ea4d 8bd5 | 4c33 6808 
  0x000001fb76d95120: 49f7 c5fc | ffff ff74 | 2f41 f6c5 | 0275 2948 | 8378 0800 | 741e 4883 | 7808 0174 | 174d 8bea 
  0x000001fb76d95140: 4c33 6808 | 49f7 c5fc | ffff ff74 | 0b48 8348 | 0802 eb04 | 4c89 6808 | 4883 c010 | 4c8b 68e8 
  0x000001fb76d95160: 4183 ed02 | 4183 fd02 | 0f8c 8400 | 0000 4c8b | 6b08 450f | b76d 2e4c | 2b28 4183 | ed01 4e8b 
  0x000001fb76d95180: 6cec 084d | 85ed 750e | f640 0801 | 7558 f048 | 8348 0801 | eb50 458b | 6d08 49ba | 0000 0004 
  0x000001fb76d951a0: fb01 0000 | 4d03 ea4d | 8bd5 4c33 | 6808 49f7 | c5fc ffff | ff74 2f41 | f6c5 0275 | 2948 8378 
  0x000001fb76d951c0: 0800 741e | 4883 7808 | 0174 174d | 8bea 4c33 | 6808 49f7 | c5fc ffff | ff74 0b48 | 8348 0802 
  0x000001fb76d951e0: eb04 4c89 | 6808 4883 | c010 4c8b | 68d8 4183 | ed04 41c1 | e503 4903 | c548 8945 | d84c 8d6c 
  0x000001fb76d95200: 2408 498b | cd48 2bcd | 48c1 f903 | 4889 4df0 | 4180 bfe0 | 0500 0000 | 7403 ff63 | 38ff 6350 
[/MachCode]

---------------  P R O C E S S  ---------------

Threads class SMR info:
_java_thread_list=0x000001fb4bf66800, length=20, elements={
0x000001fb6b9a9e60, 0x000001fb7ff21dc0, 0x000001fb7ff25290, 0x000001fb7ff29800,
0x000001fb7ff2a260, 0x000001fb7ff2d470, 0x000001fb7ff3b630, 0x000001fb7ff2f530,
0x000001fb7ff3e450, 0x000001fb490c5a80, 0x000001fb4924dab0, 0x000001fb49215fa0,
0x000001fb4921a7e0, 0x000001fb49984910, 0x000001fb4a2c7f20, 0x000001fb4a22cea0,
0x000001fb4dbc0c90, 0x000001fb49d8b280, 0x000001fb49d86a50, 0x000001fb49d89ed0
}

Java Threads: ( => current thread )
  0x000001fb6b9a9e60 JavaThread "main"                              [_thread_blocked, id=16080, stack(0x000000c1fbd00000,0x000000c1fbe00000) (1024K)]
  0x000001fb7ff21dc0 JavaThread "Reference Handler"          daemon [_thread_blocked, id=24240, stack(0x000000c1fc500000,0x000000c1fc600000) (1024K)]
  0x000001fb7ff25290 JavaThread "Finalizer"                  daemon [_thread_blocked, id=25148, stack(0x000000c1fc600000,0x000000c1fc700000) (1024K)]
  0x000001fb7ff29800 JavaThread "Signal Dispatcher"          daemon [_thread_blocked, id=18520, stack(0x000000c1fc700000,0x000000c1fc800000) (1024K)]
  0x000001fb7ff2a260 JavaThread "Attach Listener"            daemon [_thread_blocked, id=2060, stack(0x000000c1fc800000,0x000000c1fc900000) (1024K)]
  0x000001fb7ff2d470 JavaThread "Service Thread"             daemon [_thread_blocked, id=22920, stack(0x000000c1fc900000,0x000000c1fca00000) (1024K)]
  0x000001fb7ff3b630 JavaThread "Monitor Deflation Thread"   daemon [_thread_blocked, id=17200, stack(0x000000c1fca00000,0x000000c1fcb00000) (1024K)]
  0x000001fb7ff2f530 JavaThread "C2 CompilerThread0"         daemon [_thread_blocked, id=4152, stack(0x000000c1fcb00000,0x000000c1fcc00000) (1024K)]
  0x000001fb7ff3e450 JavaThread "C1 CompilerThread0"         daemon [_thread_blocked, id=25452, stack(0x000000c1fcc00000,0x000000c1fcd00000) (1024K)]
  0x000001fb490c5a80 JavaThread "Common-Cleaner"             daemon [_thread_blocked, id=13588, stack(0x000000c1fcd00000,0x000000c1fce00000) (1024K)]
  0x000001fb4924dab0 JavaThread "JDWP Transport Listener: dt_socket" daemon [_thread_blocked, id=3200, stack(0x000000c1fce00000,0x000000c1fcf00000) (1024K)]
  0x000001fb49215fa0 JavaThread "JDWP Event Helper Thread"   daemon [_thread_blocked, id=9664, stack(0x000000c1fcf00000,0x000000c1fd000000) (1024K)]
  0x000001fb4921a7e0 JavaThread "JDWP Command Reader"        daemon [_thread_blocked, id=19020, stack(0x000000c1fd000000,0x000000c1fd100000) (1024K)]
  0x000001fb49984910 JavaThread "Notification Thread"        daemon [_thread_blocked, id=28360, stack(0x000000c1fd300000,0x000000c1fd400000) (1024K)]
  0x000001fb4a2c7f20 JavaThread "Thread-0"                          [_thread_blocked, id=22896, stack(0x000000c1fda00000,0x000000c1fdb00000) (1024K)]
=>0x000001fb4a22cea0 JavaThread "restartedMain"                     [_thread_in_Java, id=1528, stack(0x000000c1fdb00000,0x000000c1fdc00000) (1024K)]
  0x000001fb4dbc0c90 JavaThread "HikariPool-1 housekeeper"   daemon [_thread_blocked, id=28264, stack(0x000000c1fde00000,0x000000c1fdf00000) (1024K)]
  0x000001fb49d8b280 JavaThread "Catalina-utility-1"                [_thread_blocked, id=19040, stack(0x000000c1fe000000,0x000000c1fe100000) (1024K)]
  0x000001fb49d86a50 JavaThread "Catalina-utility-2"                [_thread_blocked, id=4876, stack(0x000000c1fe100000,0x000000c1fe200000) (1024K)]
  0x000001fb49d89ed0 JavaThread "container-0"                       [_thread_blocked, id=19632, stack(0x000000c1fe200000,0x000000c1fe300000) (1024K)]
Total: 20

Other Threads:
  0x000001fb7ff049c0 VMThread "VM Thread"                           [id=24656, stack(0x000000c1fc400000,0x000000c1fc500000) (1024K)] _threads_hazard_ptr=0x000001fb4bf66800
  0x000001fb7fef4a00 WatcherThread "VM Periodic Task Thread"        [id=26412, stack(0x000000c1fc300000,0x000000c1fc400000) (1024K)]
  0x000001fb6ba08e50 WorkerThread "GC Thread#0"                     [id=16124, stack(0x000000c1fbe00000,0x000000c1fbf00000) (1024K)]
  0x000001fb49d398e0 WorkerThread "GC Thread#1"                     [id=28372, stack(0x000000c1fd200000,0x000000c1fd300000) (1024K)]
  0x000001fb49fdc770 WorkerThread "GC Thread#2"                     [id=24960, stack(0x000000c1fd400000,0x000000c1fd500000) (1024K)]
  0x000001fb49cd1ce0 WorkerThread "GC Thread#3"                     [id=21244, stack(0x000000c1fd500000,0x000000c1fd600000) (1024K)]
  0x000001fb49ccc250 WorkerThread "GC Thread#4"                     [id=912, stack(0x000000c1fd600000,0x000000c1fd700000) (1024K)]
  0x000001fb4a247560 WorkerThread "GC Thread#5"                     [id=7596, stack(0x000000c1fd700000,0x000000c1fd800000) (1024K)]
  0x000001fb4a24a0d0 WorkerThread "GC Thread#6"                     [id=15312, stack(0x000000c1fd800000,0x000000c1fd900000) (1024K)]
  0x000001fb4a249970 WorkerThread "GC Thread#7"                     [id=26476, stack(0x000000c1fd900000,0x000000c1fda00000) (1024K)]
  0x000001fb6ba1e250 ConcurrentGCThread "G1 Main Marker"            [id=9136, stack(0x000000c1fbf00000,0x000000c1fc000000) (1024K)]
  0x000001fb6ba1ed60 WorkerThread "G1 Conc#0"                       [id=24892, stack(0x000000c1fc000000,0x000000c1fc100000) (1024K)]
  0x000001fb4d87a390 WorkerThread "G1 Conc#1"                       [id=13104, stack(0x000000c1fdd00000,0x000000c1fde00000) (1024K)]
  0x000001fb7fdc85b0 ConcurrentGCThread "G1 Refine#0"               [id=20908, stack(0x000000c1fc100000,0x000000c1fc200000) (1024K)]
  0x000001fb7fdc8f40 ConcurrentGCThread "G1 Service"                [id=7724, stack(0x000000c1fc200000,0x000000c1fc300000) (1024K)]
Total: 15

Threads with active compile tasks:
Total: 0

VM state: synchronizing (normal execution)

VM Mutex/Monitor currently owned by a thread:  ([mutex/lock_event])
[0x00007ffcc789bd70] Threads_lock - owner thread: 0x000001fb7ff049c0

Heap address: 0x0000000082400000, size: 2012 MB, Compressed Oops mode: 32-bit

CDS archive(s) mapped at: [0x000001fb04000000-0x000001fb04d70000-0x000001fb04d70000), size 14090240, SharedBaseAddress: 0x000001fb04000000, ArchiveRelocationMode: 1.
Compressed class space mapped at: 0x000001fb05000000-0x000001fb45000000, reserved size: 1073741824
Narrow klass base: 0x000001fb04000000, Narrow klass shift: 0, Narrow klass range: 0x41000000

GC Precious Log:
 CardTable entry size: 512
 Card Set container configuration: InlinePtr #cards 5 size 8 Array Of Cards #cards 10 size 36 Howl #buckets 4 coarsen threshold 1843 Howl Bitmap #cards 512 size 80 coarsen threshold 460 Card regions per heap region 1 cards per card region 2048
 CPUs: 8 total, 8 available
 Memory: 8044M
 Large Page Support: Disabled
 NUMA Support: Disabled
 Compressed Oops: Enabled (32-bit)
 Heap Region Size: 1M
 Heap Min Capacity: 8M
 Heap Initial Capacity: 126M
 Heap Max Capacity: 2012M
 Pre-touch: Disabled
 Parallel Workers: 8
 Concurrent Workers: 2
 Concurrent Refinement Workers: 8
 Periodic GC: Disabled

Heap:
 garbage-first heap   total reserved 2060288K, committed 54272K, used 44213K [0x0000000082400000, 0x0000000100000000)
  region size 1024K, 25 young (25600K), 3 survivors (3072K)
 Metaspace       used 57730K, committed 58368K, reserved 1114112K
  class space    used 7842K, committed 8128K, reserved 1048576K

Heap Regions: E=young(eden), S=young(survivor), O=old, HS=humongous(starts), HC=humongous(continues), CS=collection set, F=free, TAMS=top-at-mark-start, PB=parsable bottom
|   0|0x0000000082400000, 0x0000000082500000, 0x0000000082500000|100%|HS|  |TAMS 0x0000000082400000| PB 0x0000000082400000| Complete |  0
|   1|0x0000000082500000, 0x0000000082600000, 0x0000000082600000|100%| O|  |TAMS 0x0000000082500000| PB 0x0000000082500000| Untracked |  0
|   2|0x0000000082600000, 0x0000000082700000, 0x0000000082700000|100%| O|  |TAMS 0x0000000082600000| PB 0x0000000082600000| Untracked |  0
|   3|0x0000000082700000, 0x0000000082800000, 0x0000000082800000|100%| O|  |TAMS 0x0000000082700000| PB 0x0000000082700000| Untracked |  0
|   4|0x0000000082800000, 0x0000000082900000, 0x0000000082900000|100%| O|  |TAMS 0x0000000082800000| PB 0x0000000082800000| Untracked |  0
|   5|0x0000000082900000, 0x0000000082a00000, 0x0000000082a00000|100%| O|  |TAMS 0x0000000082900000| PB 0x0000000082900000| Untracked |  0
|   6|0x0000000082a00000, 0x0000000082b00000, 0x0000000082b00000|100%| O|  |TAMS 0x0000000082a00000| PB 0x0000000082a00000| Untracked |  0
|   7|0x0000000082b00000, 0x0000000082c00000, 0x0000000082c00000|100%| O|  |TAMS 0x0000000082b00000| PB 0x0000000082b00000| Untracked |  0
|   8|0x0000000082c00000, 0x0000000082d00000, 0x0000000082d00000|100%| O|  |TAMS 0x0000000082c00000| PB 0x0000000082c00000| Untracked |  0
|   9|0x0000000082d00000, 0x0000000082e00000, 0x0000000082e00000|100%| O|  |TAMS 0x0000000082d00000| PB 0x0000000082d00000| Untracked |  0
|  10|0x0000000082e00000, 0x0000000082f00000, 0x0000000082f00000|100%| O|  |TAMS 0x0000000082e00000| PB 0x0000000082e00000| Untracked |  0
|  11|0x0000000082f00000, 0x0000000083000000, 0x0000000083000000|100%| O|  |TAMS 0x0000000082f00000| PB 0x0000000082f00000| Untracked |  0
|  12|0x0000000083000000, 0x0000000083100000, 0x0000000083100000|100%| O|  |TAMS 0x0000000083000000| PB 0x0000000083000000| Untracked |  0
|  13|0x0000000083100000, 0x0000000083200000, 0x0000000083200000|100%| O|  |TAMS 0x0000000083100000| PB 0x0000000083100000| Untracked |  0
|  14|0x0000000083200000, 0x0000000083300000, 0x0000000083300000|100%| O|  |TAMS 0x0000000083200000| PB 0x0000000083200000| Untracked |  0
|  15|0x0000000083300000, 0x0000000083400000, 0x0000000083400000|100%| O|  |TAMS 0x0000000083300000| PB 0x0000000083300000| Untracked |  0
|  16|0x0000000083400000, 0x0000000083500000, 0x0000000083500000|100%| O|  |TAMS 0x0000000083400000| PB 0x0000000083400000| Untracked |  0
|  17|0x0000000083500000, 0x0000000083600000, 0x0000000083600000|100%| O|  |TAMS 0x0000000083500000| PB 0x0000000083500000| Untracked |  0
|  18|0x0000000083600000, 0x0000000083700000, 0x0000000083700000|100%| O|  |TAMS 0x0000000083600000| PB 0x0000000083600000| Untracked |  0
|  19|0x0000000083700000, 0x0000000083800000, 0x0000000083800000|100%| O|  |TAMS 0x0000000083700000| PB 0x0000000083700000| Untracked |  0
|  20|0x0000000083800000, 0x00000000838ba9c0, 0x0000000083900000| 72%| O|  |TAMS 0x0000000083800000| PB 0x0000000083800000| Untracked |  0
|  21|0x0000000083900000, 0x0000000083900000, 0x0000000083a00000|  0%| F|  |TAMS 0x0000000083900000| PB 0x0000000083900000| Untracked |  0
|  22|0x0000000083a00000, 0x0000000083a00000, 0x0000000083b00000|  0%| F|  |TAMS 0x0000000083a00000| PB 0x0000000083a00000| Untracked |  0
|  23|0x0000000083b00000, 0x0000000083b00000, 0x0000000083c00000|  0%| F|  |TAMS 0x0000000083b00000| PB 0x0000000083b00000| Untracked |  0
|  24|0x0000000083c00000, 0x0000000083c00000, 0x0000000083d00000|  0%| F|  |TAMS 0x0000000083c00000| PB 0x0000000083c00000| Untracked |  0
|  25|0x0000000083d00000, 0x0000000083d72c90, 0x0000000083e00000| 44%| S|CS|TAMS 0x0000000083d00000| PB 0x0000000083d00000| Complete |  0
|  26|0x0000000083e00000, 0x0000000083e00000, 0x0000000083f00000|  0%| F|  |TAMS 0x0000000083e00000| PB 0x0000000083e00000| Untracked |  0
|  27|0x0000000083f00000, 0x0000000083f00000, 0x0000000084000000|  0%| F|  |TAMS 0x0000000083f00000| PB 0x0000000083f00000| Untracked |  0
|  28|0x0000000084000000, 0x0000000084000000, 0x0000000084100000|  0%| F|  |TAMS 0x0000000084000000| PB 0x0000000084000000| Untracked |  0
|  29|0x0000000084100000, 0x0000000084200000, 0x0000000084200000|100%| S|CS|TAMS 0x0000000084100000| PB 0x0000000084100000| Complete |  0
|  30|0x0000000084200000, 0x0000000084300000, 0x0000000084300000|100%| S|CS|TAMS 0x0000000084200000| PB 0x0000000084200000| Complete |  0
|  31|0x0000000084300000, 0x00000000843e0810, 0x0000000084400000| 87%| E|  |TAMS 0x0000000084300000| PB 0x0000000084300000| Complete |  0
|  32|0x0000000084400000, 0x0000000084500000, 0x0000000084500000|100%| E|CS|TAMS 0x0000000084400000| PB 0x0000000084400000| Complete |  0
|  33|0x0000000084500000, 0x0000000084600000, 0x0000000084600000|100%| E|CS|TAMS 0x0000000084500000| PB 0x0000000084500000| Complete |  0
|  34|0x0000000084600000, 0x0000000084700000, 0x0000000084700000|100%| E|CS|TAMS 0x0000000084600000| PB 0x0000000084600000| Complete |  0
|  35|0x0000000084700000, 0x0000000084800000, 0x0000000084800000|100%| E|CS|TAMS 0x0000000084700000| PB 0x0000000084700000| Complete |  0
|  36|0x0000000084800000, 0x0000000084900000, 0x0000000084900000|100%| E|CS|TAMS 0x0000000084800000| PB 0x0000000084800000| Complete |  0
|  37|0x0000000084900000, 0x0000000084a00000, 0x0000000084a00000|100%| E|CS|TAMS 0x0000000084900000| PB 0x0000000084900000| Complete |  0
|  38|0x0000000084a00000, 0x0000000084b00000, 0x0000000084b00000|100%| E|CS|TAMS 0x0000000084a00000| PB 0x0000000084a00000| Complete |  0
|  39|0x0000000084b00000, 0x0000000084c00000, 0x0000000084c00000|100%| E|CS|TAMS 0x0000000084b00000| PB 0x0000000084b00000| Complete |  0
|  40|0x0000000084c00000, 0x0000000084d00000, 0x0000000084d00000|100%| E|CS|TAMS 0x0000000084c00000| PB 0x0000000084c00000| Complete |  0
|  41|0x0000000084d00000, 0x0000000084e00000, 0x0000000084e00000|100%| E|CS|TAMS 0x0000000084d00000| PB 0x0000000084d00000| Complete |  0
|  42|0x0000000084e00000, 0x0000000084f00000, 0x0000000084f00000|100%| E|CS|TAMS 0x0000000084e00000| PB 0x0000000084e00000| Complete |  0
|  43|0x0000000084f00000, 0x0000000085000000, 0x0000000085000000|100%| E|CS|TAMS 0x0000000084f00000| PB 0x0000000084f00000| Complete |  0
|  44|0x0000000085000000, 0x0000000085100000, 0x0000000085100000|100%| E|CS|TAMS 0x0000000085000000| PB 0x0000000085000000| Complete |  0
|  45|0x0000000085100000, 0x0000000085200000, 0x0000000085200000|100%| E|CS|TAMS 0x0000000085100000| PB 0x0000000085100000| Complete |  0
|  46|0x0000000085200000, 0x0000000085300000, 0x0000000085300000|100%| E|CS|TAMS 0x0000000085200000| PB 0x0000000085200000| Complete |  0
| 118|0x0000000089a00000, 0x0000000089b00000, 0x0000000089b00000|100%| E|CS|TAMS 0x0000000089a00000| PB 0x0000000089a00000| Complete |  0
| 119|0x0000000089b00000, 0x0000000089c00000, 0x0000000089c00000|100%| E|CS|TAMS 0x0000000089b00000| PB 0x0000000089b00000| Complete |  0
| 120|0x0000000089c00000, 0x0000000089d00000, 0x0000000089d00000|100%| E|CS|TAMS 0x0000000089c00000| PB 0x0000000089c00000| Complete |  0
| 121|0x0000000089d00000, 0x0000000089e00000, 0x0000000089e00000|100%| E|CS|TAMS 0x0000000089d00000| PB 0x0000000089d00000| Complete |  0
| 122|0x0000000089e00000, 0x0000000089f00000, 0x0000000089f00000|100%| E|  |TAMS 0x0000000089e00000| PB 0x0000000089e00000| Complete |  0
| 125|0x000000008a100000, 0x000000008a200000, 0x000000008a200000|100%| E|CS|TAMS 0x000000008a100000| PB 0x000000008a100000| Complete |  0

Card table byte_map: [0x000001fb7f070000,0x000001fb7f460000] _byte_map_base: 0x000001fb7ec5e000

Marking Bits: (CMBitMap*) 0x000001fb6ba09560
 Bits: [0x000001fb00000000, 0x000001fb01f70000)

Polling page: 0x000001fb6b160000

Metaspace:

Usage:
  Non-class:     48.72 MB used.
      Class:      7.66 MB used.
       Both:     56.38 MB used.

Virtual space:
  Non-class space:       64.00 MB reserved,      49.06 MB ( 77%) committed,  1 nodes.
      Class space:        1.00 GB reserved,       7.94 MB ( <1%) committed,  1 nodes.
             Both:        1.06 GB reserved,      57.00 MB (  5%) committed. 

Chunk freelists:
   Non-Class:  14.80 MB
       Class:  8.10 MB
        Both:  22.90 MB

MaxMetaspaceSize: unlimited
CompressedClassSpaceSize: 1.00 GB
Initial GC threshold: 21.00 MB
Current GC threshold: 58.88 MB
CDS: on
 - commit_granule_bytes: 65536.
 - commit_granule_words: 8192.
 - virtual_space_node_default_size: 8388608.
 - enlarge_chunks_in_place: 1.
 - use_allocation_guard: 0.


Internal statistics:

num_allocs_failed_limit: 6.
num_arena_births: 800.
num_arena_deaths: 0.
num_vsnodes_births: 2.
num_vsnodes_deaths: 0.
num_space_committed: 912.
num_space_uncommitted: 0.
num_chunks_returned_to_freelist: 6.
num_chunks_taken_from_freelist: 2855.
num_chunk_merges: 6.
num_chunk_splits: 2013.
num_chunks_enlarged: 1541.
num_inconsistent_stats: 0.

CodeHeap 'non-profiled nmethods': size=120064Kb used=3260Kb max_used=3260Kb free=116803Kb
 bounds [0x000001fb77300000, 0x000001fb77630000, 0x000001fb7e840000]
CodeHeap 'profiled nmethods': size=120000Kb used=8280Kb max_used=8280Kb free=111719Kb
 bounds [0x000001fb6f840000, 0x000001fb70060000, 0x000001fb76d70000]
CodeHeap 'non-nmethods': size=5696Kb used=1707Kb max_used=1790Kb free=3988Kb
 bounds [0x000001fb76d70000, 0x000001fb76fe0000, 0x000001fb77300000]
CodeCache: size=245760Kb, used=13247Kb, max_used=13330Kb, free=232510Kb
 total_blobs=5711, nmethods=5007, adapters=609, full_count=0
Compilation: enabled, stopped_count=0, restarted_count=0

Compilation events (20 events):
Event: 12.853 Thread 0x000001fb7ff3e450 nmethod 5392 0x000001fb70052188 code [0x000001fb700522c0, 0x000001fb70052658]
Event: 12.853 Thread 0x000001fb7ff3e450 5395       3       java.lang.invoke.InvokerBytecodeGenerator::generateCustomizedCodeBytes (37 bytes)
Event: 12.853 Thread 0x000001fb492cbf10 5396   !   4       org.springframework.util.ReflectionUtils::doWithMethods (186 bytes)
Event: 12.853 Thread 0x000001fb7ff3e450 nmethod 5395 0x000001fb70052708 code [0x000001fb700528a0, 0x000001fb70052c18]
Event: 12.853 Thread 0x000001fb7ff3e450 5394       3       org.springframework.core.annotation.AnnotationUtils::isCandidateClass (41 bytes)
Event: 12.854 Thread 0x000001fb492cc5e0 nmethod 5390 0x000001fb77622688 code [0x000001fb776227a0, 0x000001fb77622ac8]
Event: 12.854 Thread 0x000001fb7ff3e450 nmethod 5394 0x000001fb70052c88 code [0x000001fb70052e80, 0x000001fb700539c0]
Event: 12.855 Thread 0x000001fb7ff3e450 5397       3       java.lang.reflect.ProxyGenerator::generateClassFile (199 bytes)
Event: 12.856 Thread 0x000001fb7ff2f530 5398       4       jdk.internal.classfile.impl.AbstractPoolEntry$AbstractRefsEntry::writeTo (41 bytes)
Event: 12.856 Thread 0x000001fb7ff3e450 nmethod 5397 0x000001fb70053a08 code [0x000001fb70053ce0, 0x000001fb70055080]
Event: 12.857 Thread 0x000001fb7ff3e450 5399       3       java.lang.WeakPairMap$Pair::lookup (10 bytes)
Event: 12.857 Thread 0x000001fb7ff3e450 nmethod 5399 0x000001fb70055108 code [0x000001fb70055280, 0x000001fb70055800]
Event: 12.857 Thread 0x000001fb7ff3e450 5400       3       java.lang.WeakPairMap$Pair$Lookup::<init> (21 bytes)
Event: 12.857 Thread 0x000001fb7ff3e450 nmethod 5400 0x000001fb70055888 code [0x000001fb70055a00, 0x000001fb70055ed8]
Event: 12.870 Thread 0x000001fb7ff2f530 nmethod 5398 0x000001fb77622b08 code [0x000001fb77622c80, 0x000001fb776234e0]
Event: 13.511 Thread 0x000001fb492cbf10 nmethod 5396 0x000001fb77623588 code [0x000001fb77623f80, 0x000001fb7762e910]
Event: 18.984 Thread 0x000001fb7ff3e450 5401       1       java.util.concurrent.locks.ReentrantReadWriteLock::readLock (5 bytes)
Event: 18.984 Thread 0x000001fb7ff3e450 nmethod 5401 0x000001fb7762ef88 code [0x000001fb7762f0a0, 0x000001fb7762f168]
Event: 69.041 Thread 0x000001fb7ff3e450 5402       3       java.lang.Thread::isVirtual (5 bytes)
Event: 69.041 Thread 0x000001fb7ff3e450 nmethod 5402 0x000001fb70055f08 code [0x000001fb70056020, 0x000001fb70056208]

GC Heap History (20 events):
Event: 8.515 GC heap before
{Heap before GC invocations=12 (full 0):
 garbage-first heap   total reserved 2060288K, committed 45056K, used 38902K [0x0000000082400000, 0x0000000100000000)
  region size 1024K, 22 young (22528K), 2 survivors (2048K)
 Metaspace       used 33875K, committed 34304K, reserved 1114112K
  class space    used 4183K, committed 4352K, reserved 1048576K
}
Event: 8.518 GC heap after
{Heap after GC invocations=13 (full 0):
 garbage-first heap   total reserved 2060288K, committed 45056K, used 19538K [0x0000000082400000, 0x0000000100000000)
  region size 1024K, 2 young (2048K), 2 survivors (2048K)
 Metaspace       used 33875K, committed 34304K, reserved 1114112K
  class space    used 4183K, committed 4352K, reserved 1048576K
}
Event: 8.704 GC heap before
{Heap before GC invocations=13 (full 0):
 garbage-first heap   total reserved 2060288K, committed 45056K, used 34898K [0x0000000082400000, 0x0000000100000000)
  region size 1024K, 19 young (19456K), 2 survivors (2048K)
 Metaspace       used 35526K, committed 35968K, reserved 1114112K
  class space    used 4397K, committed 4608K, reserved 1048576K
}
Event: 8.707 GC heap after
{Heap after GC invocations=14 (full 0):
 garbage-first heap   total reserved 2060288K, committed 54272K, used 19727K [0x0000000082400000, 0x0000000100000000)
  region size 1024K, 2 young (2048K), 2 survivors (2048K)
 Metaspace       used 35526K, committed 35968K, reserved 1114112K
  class space    used 4397K, committed 4608K, reserved 1048576K
}
Event: 9.475 GC heap before
{Heap before GC invocations=15 (full 0):
 garbage-first heap   total reserved 2060288K, committed 54272K, used 45327K [0x0000000082400000, 0x0000000100000000)
  region size 1024K, 28 young (28672K), 2 survivors (2048K)
 Metaspace       used 38141K, committed 38656K, reserved 1114112K
  class space    used 4738K, committed 4992K, reserved 1048576K
}
Event: 9.479 GC heap after
{Heap after GC invocations=16 (full 0):
 garbage-first heap   total reserved 2060288K, committed 54272K, used 20473K [0x0000000082400000, 0x0000000100000000)
  region size 1024K, 2 young (2048K), 2 survivors (2048K)
 Metaspace       used 38141K, committed 38656K, reserved 1114112K
  class space    used 4738K, committed 4992K, reserved 1048576K
}
Event: 9.955 GC heap before
{Heap before GC invocations=16 (full 0):
 garbage-first heap   total reserved 2060288K, committed 54272K, used 47097K [0x0000000082400000, 0x0000000100000000)
  region size 1024K, 28 young (28672K), 2 survivors (2048K)
 Metaspace       used 40661K, committed 41152K, reserved 1114112K
  class space    used 5138K, committed 5376K, reserved 1048576K
}
Event: 9.959 GC heap after
{Heap after GC invocations=17 (full 0):
 garbage-first heap   total reserved 2060288K, committed 54272K, used 21169K [0x0000000082400000, 0x0000000100000000)
  region size 1024K, 3 young (3072K), 3 survivors (3072K)
 Metaspace       used 40661K, committed 41152K, reserved 1114112K
  class space    used 5138K, committed 5376K, reserved 1048576K
}
Event: 10.375 GC heap before
{Heap before GC invocations=17 (full 0):
 garbage-first heap   total reserved 2060288K, committed 54272K, used 45745K [0x0000000082400000, 0x0000000100000000)
  region size 1024K, 27 young (27648K), 3 survivors (3072K)
 Metaspace       used 42882K, committed 43456K, reserved 1114112K
  class space    used 5536K, committed 5824K, reserved 1048576K
}
Event: 10.379 GC heap after
{Heap after GC invocations=18 (full 0):
 garbage-first heap   total reserved 2060288K, committed 54272K, used 21434K [0x0000000082400000, 0x0000000100000000)
  region size 1024K, 2 young (2048K), 2 survivors (2048K)
 Metaspace       used 42882K, committed 43456K, reserved 1114112K
  class space    used 5536K, committed 5824K, reserved 1048576K
}
Event: 10.890 GC heap before
{Heap before GC invocations=18 (full 0):
 garbage-first heap   total reserved 2060288K, committed 54272K, used 47034K [0x0000000082400000, 0x0000000100000000)
  region size 1024K, 28 young (28672K), 2 survivors (2048K)
 Metaspace       used 45407K, committed 45952K, reserved 1114112K
  class space    used 5940K, committed 6208K, reserved 1048576K
}
Event: 10.894 GC heap after
{Heap after GC invocations=19 (full 0):
 garbage-first heap   total reserved 2060288K, committed 54272K, used 22223K [0x0000000082400000, 0x0000000100000000)
  region size 1024K, 3 young (3072K), 3 survivors (3072K)
 Metaspace       used 45407K, committed 45952K, reserved 1114112K
  class space    used 5940K, committed 6208K, reserved 1048576K
}
Event: 11.313 GC heap before
{Heap before GC invocations=19 (full 0):
 garbage-first heap   total reserved 2060288K, committed 54272K, used 45775K [0x0000000082400000, 0x0000000100000000)
  region size 1024K, 27 young (27648K), 3 survivors (3072K)
 Metaspace       used 47721K, committed 48320K, reserved 1114112K
  class space    used 6245K, committed 6528K, reserved 1048576K
}
Event: 11.317 GC heap after
{Heap after GC invocations=20 (full 0):
 garbage-first heap   total reserved 2060288K, committed 54272K, used 22604K [0x0000000082400000, 0x0000000100000000)
  region size 1024K, 3 young (3072K), 3 survivors (3072K)
 Metaspace       used 47721K, committed 48320K, reserved 1114112K
  class space    used 6245K, committed 6528K, reserved 1048576K
}
Event: 11.628 GC heap before
{Heap before GC invocations=20 (full 0):
 garbage-first heap   total reserved 2060288K, committed 54272K, used 45132K [0x0000000082400000, 0x0000000100000000)
  region size 1024K, 26 young (26624K), 3 survivors (3072K)
 Metaspace       used 50349K, committed 50880K, reserved 1114112K
  class space    used 6553K, committed 6784K, reserved 1048576K
}
Event: 11.633 GC heap after
{Heap after GC invocations=21 (full 0):
 garbage-first heap   total reserved 2060288K, committed 54272K, used 23117K [0x0000000082400000, 0x0000000100000000)
  region size 1024K, 3 young (3072K), 3 survivors (3072K)
 Metaspace       used 50349K, committed 50880K, reserved 1114112K
  class space    used 6553K, committed 6784K, reserved 1048576K
}
Event: 12.053 GC heap before
{Heap before GC invocations=21 (full 0):
 garbage-first heap   total reserved 2060288K, committed 54272K, used 45645K [0x0000000082400000, 0x0000000100000000)
  region size 1024K, 26 young (26624K), 3 survivors (3072K)
 Metaspace       used 53379K, committed 53952K, reserved 1114112K
  class space    used 7135K, committed 7424K, reserved 1048576K
}
Event: 12.057 GC heap after
{Heap after GC invocations=22 (full 0):
 garbage-first heap   total reserved 2060288K, committed 54272K, used 23235K [0x0000000082400000, 0x0000000100000000)
  region size 1024K, 3 young (3072K), 3 survivors (3072K)
 Metaspace       used 53379K, committed 53952K, reserved 1114112K
  class space    used 7135K, committed 7424K, reserved 1048576K
}
Event: 12.401 GC heap before
{Heap before GC invocations=22 (full 0):
 garbage-first heap   total reserved 2060288K, committed 54272K, used 45763K [0x0000000082400000, 0x0000000100000000)
  region size 1024K, 25 young (25600K), 3 survivors (3072K)
 Metaspace       used 55486K, committed 56064K, reserved 1114112K
  class space    used 7504K, committed 7744K, reserved 1048576K
}
Event: 12.405 GC heap after
{Heap after GC invocations=23 (full 0):
 garbage-first heap   total reserved 2060288K, committed 54272K, used 23733K [0x0000000082400000, 0x0000000100000000)
  region size 1024K, 3 young (3072K), 3 survivors (3072K)
 Metaspace       used 55486K, committed 56064K, reserved 1114112K
  class space    used 7504K, committed 7744K, reserved 1048576K
}

Dll operation events (11 events):
Event: 0.020 Loaded shared library C:\Users\athit\.p2\pool\plugins\org.eclipse.justj.openjdk.hotspot.jre.full.win32.x86_64_23.0.1.v20241024-1700\jre\bin\java.dll
Event: 0.232 Loaded shared library C:\Users\athit\.p2\pool\plugins\org.eclipse.justj.openjdk.hotspot.jre.full.win32.x86_64_23.0.1.v20241024-1700\jre\bin\zip.dll
Event: 0.462 Loaded shared library C:\Users\athit\.p2\pool\plugins\org.eclipse.justj.openjdk.hotspot.jre.full.win32.x86_64_23.0.1.v20241024-1700\jre\bin\instrument.dll
Event: 0.492 Loaded shared library C:\Users\athit\.p2\pool\plugins\org.eclipse.justj.openjdk.hotspot.jre.full.win32.x86_64_23.0.1.v20241024-1700\jre\bin\net.dll
Event: 0.499 Loaded shared library C:\Users\athit\.p2\pool\plugins\org.eclipse.justj.openjdk.hotspot.jre.full.win32.x86_64_23.0.1.v20241024-1700\jre\bin\nio.dll
Event: 0.519 Loaded shared library C:\Users\athit\.p2\pool\plugins\org.eclipse.justj.openjdk.hotspot.jre.full.win32.x86_64_23.0.1.v20241024-1700\jre\bin\zip.dll
Event: 0.786 Loaded shared library C:\Users\athit\.p2\pool\plugins\org.eclipse.justj.openjdk.hotspot.jre.full.win32.x86_64_23.0.1.v20241024-1700\jre\bin\jimage.dll
Event: 0.921 Loaded shared library C:\Users\athit\.p2\pool\plugins\org.eclipse.justj.openjdk.hotspot.jre.full.win32.x86_64_23.0.1.v20241024-1700\jre\bin\verify.dll
Event: 1.764 Loaded shared library C:\Users\athit\.p2\pool\plugins\org.eclipse.justj.openjdk.hotspot.jre.full.win32.x86_64_23.0.1.v20241024-1700\jre\bin\management.dll
Event: 1.776 Loaded shared library C:\Users\athit\.p2\pool\plugins\org.eclipse.justj.openjdk.hotspot.jre.full.win32.x86_64_23.0.1.v20241024-1700\jre\bin\management_ext.dll
Event: 4.522 Loaded shared library C:\Users\athit\.p2\pool\plugins\org.eclipse.justj.openjdk.hotspot.jre.full.win32.x86_64_23.0.1.v20241024-1700\jre\bin\sunmscapi.dll

Deoptimization events (20 events):
Event: 12.852 Thread 0x000001fb4a22cea0 Uncommon trap: trap_request=0xffffffbe fr.pc=0x000001fb7756d988 relative=0x0000000000003b68
Event: 12.852 Thread 0x000001fb4a22cea0 Uncommon trap: reason=profile_predicate action=maybe_recompile pc=0x000001fb7756d988 method=org.springframework.util.ReflectionUtils.doWithMethods(Ljava/lang/Class;Lorg/springframework/util/ReflectionUtils$MethodCallback;Lorg/springframework/util/Reflecti
Event: 12.852 Thread 0x000001fb4a22cea0 DEOPT PACKING pc=0x000001fb7756d988 sp=0x000000c1fdbfe080
Event: 12.852 Thread 0x000001fb4a22cea0 DEOPT UNPACKING pc=0x000001fb76dc4402 sp=0x000000c1fdbfe190 mode 2
Event: 12.852 Thread 0x000001fb4a22cea0 Uncommon trap: trap_request=0xffffffbe fr.pc=0x000001fb7756d988 relative=0x0000000000003b68
Event: 12.852 Thread 0x000001fb4a22cea0 Uncommon trap: reason=profile_predicate action=maybe_recompile pc=0x000001fb7756d988 method=org.springframework.util.ReflectionUtils.doWithMethods(Ljava/lang/Class;Lorg/springframework/util/ReflectionUtils$MethodCallback;Lorg/springframework/util/Reflecti
Event: 12.852 Thread 0x000001fb4a22cea0 DEOPT PACKING pc=0x000001fb7756d988 sp=0x000000c1fdbfdfc0
Event: 12.852 Thread 0x000001fb4a22cea0 DEOPT UNPACKING pc=0x000001fb76dc4402 sp=0x000000c1fdbfe0e8 mode 2
Event: 12.854 Thread 0x000001fb4a22cea0 DEOPT PACKING pc=0x000001fb6fcc2de9 sp=0x000000c1fdbfd4c0
Event: 12.854 Thread 0x000001fb4a22cea0 DEOPT UNPACKING pc=0x000001fb76dc4b22 sp=0x000000c1fdbfc998 mode 1
Event: 12.854 Thread 0x000001fb4a22cea0 DEOPT PACKING pc=0x000001fb6fcc1b3c sp=0x000000c1fdbfd550
Event: 12.854 Thread 0x000001fb4a22cea0 DEOPT UNPACKING pc=0x000001fb76dc4b22 sp=0x000000c1fdbfcb00 mode 1
Event: 12.854 Thread 0x000001fb4a22cea0 DEOPT PACKING pc=0x000001fb6fcbe6ac sp=0x000000c1fdbfd6c0
Event: 12.854 Thread 0x000001fb4a22cea0 DEOPT UNPACKING pc=0x000001fb76dc4b22 sp=0x000000c1fdbfcc60 mode 1
Event: 70.557 Thread 0x000001fb4a22cea0 DEOPT PACKING pc=0x000001fb6fb1145c sp=0x000000c1fdbfe2d0
Event: 70.557 Thread 0x000001fb4a22cea0 DEOPT UNPACKING pc=0x000001fb76dc4b22 sp=0x000000c1fdbfd788 mode 0
Event: 70.578 Thread 0x000001fb4924dab0 Uncommon trap: trap_request=0xffffff45 fr.pc=0x000001fb773e284c relative=0x000000000000012c
Event: 70.578 Thread 0x000001fb4924dab0 Uncommon trap: reason=unstable_if action=reinterpret pc=0x000001fb773e284c method=sun.instrument.InstrumentationImpl.transform(Ljava/lang/Module;Ljava/lang/ClassLoader;Ljava/lang/String;Ljava/lang/Class;Ljava/security/ProtectionDomain;[BZ)[B @ 24 c2
Event: 70.578 Thread 0x000001fb4924dab0 DEOPT PACKING pc=0x000001fb773e284c sp=0x000000c1fcefe810
Event: 70.578 Thread 0x000001fb4924dab0 DEOPT UNPACKING pc=0x000001fb76dc4402 sp=0x000000c1fcefe798 mode 2

Classes loaded (20 events):
Event: 11.303 Loading class java/util/concurrent/CompletableFuture$AsynchronousCompletionTask done
Event: 11.303 Loading class java/util/concurrent/CompletableFuture$Completion done
Event: 11.405 Loading class java/util/concurrent/CancellationException
Event: 11.405 Loading class java/util/concurrent/CancellationException done
Event: 11.984 Loading class java/util/ArrayList$ListItr
Event: 11.984 Loading class java/util/ArrayList$ListItr done
Event: 12.161 Loading class java/util/AbstractList$SubList
Event: 12.162 Loading class java/util/AbstractList$SubList done
Event: 12.185 Loading class java/lang/reflect/AnnotatedArrayType
Event: 12.185 Loading class java/lang/reflect/AnnotatedArrayType done
Event: 12.818 Loading class java/util/stream/ReduceOps$5
Event: 12.818 Loading class java/util/stream/ReduceOps$5 done
Event: 12.818 Loading class java/util/stream/ReduceOps$CountingSink$OfRef
Event: 12.818 Loading class java/util/stream/ReduceOps$CountingSink
Event: 12.818 Loading class java/util/stream/ReduceOps$CountingSink done
Event: 12.818 Loading class java/util/stream/ReduceOps$CountingSink$OfRef done
Event: 12.836 Loading class javax/naming/Reference
Event: 12.836 Loading class javax/naming/Reference done
Event: 12.858 Loading class java/lang/invoke/WrongMethodTypeException
Event: 12.858 Loading class java/lang/invoke/WrongMethodTypeException done

Classes unloaded (0 events):
No events

Classes redefined (1 events):
Event: 70.593 Thread 0x000001fb7ff049c0 redefined class name=com.reviewApp.reviewApp.controller.ReviewController, count=1

Internal exceptions (20 events):
Event: 11.420 Thread 0x000001fb4a22cea0 Exception <a 'java/lang/IncompatibleClassChangeError'{0x00000000851193f8}: Found class java.lang.Object, but interface was expected> (0x00000000851193f8) 
thrown [s\src\hotspot\share\interpreter\linkResolver.cpp, line 863]
Event: 11.447 Thread 0x000001fb4a22cea0 Exception <a 'java/lang/NoSuchMethodError'{0x0000000084f8e278}: 'java.lang.Object java.lang.invoke.DirectMethodHandle$Holder.invokeStatic(java.lang.Object, java.lang.Object, int, java.lang.Object)'> (0x0000000084f8e278) 
thrown [s\src\hotspot\share\interpreter\linkResolver.cpp, line 796]
Event: 11.447 Thread 0x000001fb4a22cea0 Exception <a 'java/lang/NoSuchMethodError'{0x0000000084f91a88}: 'java.lang.Object java.lang.invoke.DirectMethodHandle$Holder.invokeStaticInit(java.lang.Object, java.lang.Object, int, java.lang.Object)'> (0x0000000084f91a88) 
thrown [s\src\hotspot\share\interpreter\linkResolver.cpp, line 796]
Event: 12.347 Thread 0x000001fb4a22cea0 Exception <a 'java/lang/NoSuchMethodError'{0x00000000846b65b0}: 'java.lang.Object java.lang.invoke.DirectMethodHandle$Holder.newInvokeSpecial(java.lang.Object, java.lang.Object, java.lang.Object, java.lang.Object, java.lang.Object, java.lang.Object)'> (0x00000000846b65b0) 
thrown [s\src\hotspot\share\interpreter\linkResolver.cpp, line 796]
Event: 12.352 Thread 0x000001fb4a22cea0 Exception <a 'java/lang/NoSuchMethodError'{0x00000000846e5220}: 'void java.lang.invoke.DirectMethodHandle$Holder.invokeInterface(java.lang.Object, java.lang.Object, int, java.lang.Object)'> (0x00000000846e5220) 
thrown [s\src\hotspot\share\interpreter\linkResolver.cpp, line 796]
Event: 12.358 Thread 0x000001fb4a22cea0 Exception <a 'java/lang/NoSuchMethodError'{0x0000000084538678}: 'java.lang.Object java.lang.invoke.DirectMethodHandle$Holder.newInvokeSpecial(java.lang.Object, java.lang.Object, int, java.lang.Object)'> (0x0000000084538678) 
thrown [s\src\hotspot\share\interpreter\linkResolver.cpp, line 796]
Event: 12.359 Thread 0x000001fb4a22cea0 Exception <a 'java/lang/NoSuchMethodError'{0x000000008453c000}: 'java.lang.Object java.lang.invoke.Invokers$Holder.linkToTargetMethod(java.lang.Object, int, java.lang.Object, java.lang.Object)'> (0x000000008453c000) 
thrown [s\src\hotspot\share\interpreter\linkResolver.cpp, line 796]
Event: 12.379 Thread 0x000001fb4a22cea0 Exception <a 'java/lang/NoSuchMethodError'{0x00000000844e2da0}: 'void java.lang.invoke.DirectMethodHandle$Holder.invokeSpecial(java.lang.Object, java.lang.Object, java.lang.Object, java.lang.Object, java.lang.Object, java.lang.Object, java.lang.Object, java.lang.Object)'> (0x00000000844e2da0) 
thrown [s\src\hotspot\share\interpreter\linkResolver.cpp, line 796]
Event: 12.392 Thread 0x000001fb4a22cea0 Exception <a 'java/lang/NoSuchMethodError'{0x00000000843781b0}: 'void java.lang.invoke.DirectMethodHandle$Holder.invokeSpecial(java.lang.Object, java.lang.Object, int, java.lang.Object)'> (0x00000000843781b0) 
thrown [s\src\hotspot\share\interpreter\linkResolver.cpp, line 796]
Event: 12.393 Thread 0x000001fb4a22cea0 Exception <a 'java/lang/IncompatibleClassChangeError'{0x000000008437e788}: Found class java.lang.Object, but interface was expected> (0x000000008437e788) 
thrown [s\src\hotspot\share\interpreter\linkResolver.cpp, line 863]
Event: 12.458 Thread 0x000001fb4a22cea0 Exception <a 'java/lang/NoSuchMethodError'{0x0000000089cf0b20}: 'int java.lang.invoke.DirectMethodHandle$Holder.invokeSpecial(java.lang.Object, java.lang.Object, int, java.lang.Object)'> (0x0000000089cf0b20) 
thrown [s\src\hotspot\share\interpreter\linkResolver.cpp, line 796]
Event: 12.465 Thread 0x000001fb4a22cea0 Exception <a 'java/lang/NoSuchMethodError'{0x0000000089b34460}: 'java.lang.Object java.lang.invoke.DirectMethodHandle$Holder.newInvokeSpecial(java.lang.Object, java.lang.Object, java.lang.Object, java.lang.Object, java.lang.Object, int, java.lang.Object)'> (0x0000000089b34460) 
thrown [s\src\hotspot\share\interpreter\linkResolver.cpp, line 796]
Event: 12.476 Thread 0x000001fb4a22cea0 Exception <a 'java/lang/NoSuchMethodError'{0x0000000089b88ae8}: 'java.lang.Object java.lang.invoke.DirectMethodHandle$Holder.newInvokeSpecial(java.lang.Object, java.lang.Object, java.lang.Object, java.lang.Object, java.lang.Object, java.lang.Object, java.lang.Object, java.lang.Object, java.lang.Object, java.lang.Object, java.lang.Object, java.lang.Object)'> (0x0000000089b88ae8) 
thrown [s\src\hotspot\share\interpreter\linkResolver.cpp, line 796]
Event: 12.477 Thread 0x000001fb4a22cea0 Exception <a 'java/lang/NoSuchMethodError'{0x0000000089b91a28}: 'java.lang.Object java.lang.invoke.Invokers$Holder.linkToTargetMethod(java.lang.Object, java.lang.Object, java.lang.Object, java.lang.Object, java.lang.Object, java.lang.Object, java.lang.Object, java.lang.Object, java.lang.Object, java.lang.Object, java.lang.Object, java.lang.Object)'> (0x0000000089b91a28) 
thrown [s\src\hotspot\share\interpreter\linkResolver.cpp, line 796]
Event: 12.575 Thread 0x000001fb4a22cea0 Exception <a 'java/lang/IncompatibleClassChangeError'{0x00000000850e9bb0}: Found class java.lang.Object, but interface was expected> (0x00000000850e9bb0) 
thrown [s\src\hotspot\share\interpreter\linkResolver.cpp, line 863]
Event: 12.610 Thread 0x000001fb4a22cea0 Exception <a 'java/lang/NoSuchMethodError'{0x0000000084e10188}: 'java.lang.Object java.lang.invoke.DirectMethodHandle$Holder.newInvokeSpecial(java.lang.Object, java.lang.Object, java.lang.Object, java.lang.Object, java.lang.Object, java.lang.Object, java.lang.Object, int)'> (0x0000000084e10188) 
thrown [s\src\hotspot\share\interpreter\linkResolver.cpp, line 796]
Event: 12.611 Thread 0x000001fb4a22cea0 Exception <a 'java/lang/NoSuchMethodError'{0x0000000084e14730}: 'java.lang.Object java.lang.invoke.DirectMethodHandle$Holder.invokeSpecial(java.lang.Object, java.lang.Object, java.lang.Object, java.lang.Object, java.lang.Object, java.lang.Object, java.lang.Object, java.lang.Object, int)'> (0x0000000084e14730) 
thrown [s\src\hotspot\share\interpreter\linkResolver.cpp, line 796]
Event: 12.611 Thread 0x000001fb4a22cea0 Exception <a 'java/lang/NoSuchMethodError'{0x0000000084e18760}: 'java.lang.Object java.lang.invoke.Invokers$Holder.linkToTargetMethod(java.lang.Object, java.lang.Object, java.lang.Object, java.lang.Object, java.lang.Object, java.lang.Object, int, java.lang.Object)'> (0x0000000084e18760) 
thrown [s\src\hotspot\share\interpreter\linkResolver.cpp, line 796]
Event: 12.680 Thread 0x000001fb4a22cea0 Exception <a 'java/lang/NoSuchMethodError'{0x0000000084dd8bd0}: 'void java.lang.invoke.DirectMethodHandle$Holder.invokeInterface(java.lang.Object, java.lang.Object)'> (0x0000000084dd8bd0) 
thrown [s\src\hotspot\share\interpreter\linkResolver.cpp, line 796]
Event: 12.853 Thread 0x000001fb4a22cea0 Exception <a 'java/lang/NoSuchMethodError'{0x00000000844ab158}: 'void java.lang.invoke.Invokers$Holder.invokeExact_MT(java.lang.Object, java.lang.Object, java.lang.Object, java.lang.Object)'> (0x00000000844ab158) 
thrown [s\src\hotspot\share\interpreter\linkResolver.cpp, line 796]

VM Operations (20 events):
Event: 13.016 Executing VM operation: get/set locals
Event: 13.017 Executing VM operation: get/set locals done
Event: 13.018 Executing VM operation: get/set locals
Event: 13.018 Executing VM operation: get/set locals done
Event: 13.019 Executing VM operation: get/set locals
Event: 13.019 Executing VM operation: get/set locals done
Event: 13.021 Executing VM operation: get/set locals
Event: 13.021 Executing VM operation: get/set locals done
Event: 60.126 Executing VM operation: HandshakeAllThreads (HandshakeForDeflation)
Event: 60.126 Executing VM operation: HandshakeAllThreads (HandshakeForDeflation) done
Event: 60.126 Executing VM operation: RendezvousGCThreads
Event: 60.126 Executing VM operation: RendezvousGCThreads done
Event: 70.556 Executing VM operation: ChangeSingleStep
Event: 70.556 Executing VM operation: ChangeSingleStep done
Event: 70.557 Executing VM operation: ChangeSingleStep
Event: 70.557 Executing VM operation: ChangeSingleStep done
Event: 70.578 Executing VM operation: RedefineClasses
Event: 70.634 Executing VM operation: RedefineClasses done
Event: 70.636 Executing VM operation: ChangeSingleStep
Event: 70.636 Executing VM operation: ChangeSingleStep done

Memory protections (0 events):
No events

Nmethod flushes (20 events):
Event: 8.737 Thread 0x000001fb7ff049c0 flushing  nmethod 0x000001fb6f912f08
Event: 8.737 Thread 0x000001fb7ff049c0 flushing  nmethod 0x000001fb6f913b08
Event: 8.737 Thread 0x000001fb7ff049c0 flushing  nmethod 0x000001fb6f913e08
Event: 8.737 Thread 0x000001fb7ff049c0 flushing  nmethod 0x000001fb6f914c88
Event: 8.737 Thread 0x000001fb7ff049c0 flushing  nmethod 0x000001fb6f915688
Event: 8.737 Thread 0x000001fb7ff049c0 flushing  nmethod 0x000001fb6f915e08
Event: 8.737 Thread 0x000001fb7ff049c0 flushing  nmethod 0x000001fb6f917d08
Event: 8.737 Thread 0x000001fb7ff049c0 flushing  nmethod 0x000001fb6f918108
Event: 8.737 Thread 0x000001fb7ff049c0 flushing  nmethod 0x000001fb6f918788
Event: 8.737 Thread 0x000001fb7ff049c0 flushing  nmethod 0x000001fb6f919908
Event: 8.737 Thread 0x000001fb7ff049c0 flushing  nmethod 0x000001fb6f94cf88
Event: 8.737 Thread 0x000001fb7ff049c0 flushing  nmethod 0x000001fb6f952688
Event: 8.737 Thread 0x000001fb7ff049c0 flushing  nmethod 0x000001fb6f9a9208
Event: 8.737 Thread 0x000001fb7ff049c0 flushing  nmethod 0x000001fb6fabdc08
Event: 8.737 Thread 0x000001fb7ff049c0 flushing  nmethod 0x000001fb6fad4008
Event: 8.737 Thread 0x000001fb7ff049c0 flushing  nmethod 0x000001fb6fad5e08
Event: 8.737 Thread 0x000001fb7ff049c0 flushing  nmethod 0x000001fb6fb6a308
Event: 8.737 Thread 0x000001fb7ff049c0 flushing  nmethod 0x000001fb6fbe1088
Event: 8.737 Thread 0x000001fb7ff049c0 flushing  nmethod 0x000001fb6fbe1b88
Event: 8.737 Thread 0x000001fb7ff049c0 flushing  nmethod 0x000001fb6fbe2288

Events (20 events):
Event: 0.279 Thread 0x000001fb4924dab0 Thread added: 0x000001fb4921a7e0
Event: 0.568 Thread 0x000001fb7ff2f530 Thread added: 0x000001fb492cbf10
Event: 0.568 Thread 0x000001fb7ff2f530 Thread added: 0x000001fb492cda50
Event: 0.901 Thread 0x000001fb6b9a9e60 Thread added: 0x000001fb49984910
Event: 0.983 Thread 0x000001fb492cda50 Thread exited: 0x000001fb492cda50
Event: 1.908 Thread 0x000001fb6b9a9e60 Thread added: 0x000001fb4a2c7f20
Event: 1.919 Thread 0x000001fb4a2c7f20 Thread added: 0x000001fb4a22cea0
Event: 2.551 Thread 0x000001fb7ff3e450 Thread added: 0x000001fb492cc5e0
Event: 2.901 Thread 0x000001fb4a22cea0 Thread added: 0x000001fb4bb9ad90
Event: 4.289 Thread 0x000001fb4a22cea0 Thread added: 0x000001fb4cf17290
Event: 4.600 Thread 0x000001fb4bb9ad90 Thread exited: 0x000001fb4bb9ad90
Event: 4.693 Thread 0x000001fb4cf17290 Thread exited: 0x000001fb4cf17290
Event: 8.740 Thread 0x000001fb4a22cea0 Thread added: 0x000001fb4dbc0c90
Event: 8.864 Thread 0x000001fb4dbc0c90 Thread added: 0x000001fb49d8b910
Event: 8.970 Thread 0x000001fb4a22cea0 Thread added: 0x000001fb49d8b280
Event: 8.977 Thread 0x000001fb49d8b280 Thread added: 0x000001fb49d86a50
Event: 9.007 Thread 0x000001fb4a22cea0 Thread added: 0x000001fb49d89ed0
Event: 14.257 Thread 0x000001fb49d8b910 Thread exited: 0x000001fb49d8b910
Event: 17.872 Thread 0x000001fb492cc5e0 Thread exited: 0x000001fb492cc5e0
Event: 18.528 Thread 0x000001fb492cbf10 Thread exited: 0x000001fb492cbf10


Dynamic libraries:
0x00007ff73f800000 - 0x00007ff73f80e000 	C:\Users\athit\.p2\pool\plugins\org.eclipse.justj.openjdk.hotspot.jre.full.win32.x86_64_23.0.1.v20241024-1700\jre\bin\javaw.exe
0x00007ffd217b0000 - 0x00007ffd219a8000 	C:\WINDOWS\SYSTEM32\ntdll.dll
0x00007ffd20400000 - 0x00007ffd204c2000 	C:\WINDOWS\System32\KERNEL32.DLL
0x00007ffd1f220000 - 0x00007ffd1f51e000 	C:\WINDOWS\System32\KERNELBASE.dll
0x00007ffd19f80000 - 0x00007ffd1a014000 	C:\WINDOWS\SYSTEM32\apphelp.dll
0x00007ffd1f120000 - 0x00007ffd1f220000 	C:\WINDOWS\System32\ucrtbase.dll
0x00007ffd13f20000 - 0x00007ffd13f37000 	C:\Users\athit\.p2\pool\plugins\org.eclipse.justj.openjdk.hotspot.jre.full.win32.x86_64_23.0.1.v20241024-1700\jre\bin\jli.dll
0x00007ffd207a0000 - 0x00007ffd2093d000 	C:\WINDOWS\System32\USER32.dll
0x00007ffd1ef70000 - 0x00007ffd1ef92000 	C:\WINDOWS\System32\win32u.dll
0x00007ffd13a70000 - 0x00007ffd13a8e000 	C:\Users\athit\.p2\pool\plugins\org.eclipse.justj.openjdk.hotspot.jre.full.win32.x86_64_23.0.1.v20241024-1700\jre\bin\VCRUNTIME140.dll
0x00007ffd20370000 - 0x00007ffd2039b000 	C:\WINDOWS\System32\GDI32.dll
0x00007ffd1f680000 - 0x00007ffd1f797000 	C:\WINDOWS\System32\gdi32full.dll
0x00007ffd1efa0000 - 0x00007ffd1f03d000 	C:\WINDOWS\System32\msvcp_win.dll
0x00007ffd093d0000 - 0x00007ffd0966a000 	C:\WINDOWS\WinSxS\amd64_microsoft.windows.common-controls_6595b64144ccf1df_6.0.19041.4355_none_60b8b9eb71f62e16\COMCTL32.dll
0x00007ffd1fb60000 - 0x00007ffd1fbfe000 	C:\WINDOWS\System32\msvcrt.dll
0x00007ffd20a20000 - 0x00007ffd20a4f000 	C:\WINDOWS\System32\IMM32.DLL
0x00007ffd13a60000 - 0x00007ffd13a6c000 	C:\Users\athit\.p2\pool\plugins\org.eclipse.justj.openjdk.hotspot.jre.full.win32.x86_64_23.0.1.v20241024-1700\jre\bin\vcruntime140_1.dll
0x00007ffcdac60000 - 0x00007ffcdaced000 	C:\Users\athit\.p2\pool\plugins\org.eclipse.justj.openjdk.hotspot.jre.full.win32.x86_64_23.0.1.v20241024-1700\jre\bin\msvcp140.dll
0x00007ffcc6bb0000 - 0x00007ffcc797d000 	C:\Users\athit\.p2\pool\plugins\org.eclipse.justj.openjdk.hotspot.jre.full.win32.x86_64_23.0.1.v20241024-1700\jre\bin\server\jvm.dll
0x00007ffd21680000 - 0x00007ffd21731000 	C:\WINDOWS\System32\ADVAPI32.dll
0x00007ffd20560000 - 0x00007ffd205ff000 	C:\WINDOWS\System32\sechost.dll
0x00007ffd20670000 - 0x00007ffd20793000 	C:\WINDOWS\System32\RPCRT4.dll
0x00007ffd1eed0000 - 0x00007ffd1eef7000 	C:\WINDOWS\System32\bcrypt.dll
0x00007ffd20600000 - 0x00007ffd2066b000 	C:\WINDOWS\System32\WS2_32.dll
0x00007ffd1e3b0000 - 0x00007ffd1e3fb000 	C:\WINDOWS\SYSTEM32\POWRPROF.dll
0x00007ffd12640000 - 0x00007ffd12667000 	C:\WINDOWS\SYSTEM32\WINMM.dll
0x00007ffd17fa0000 - 0x00007ffd17faa000 	C:\WINDOWS\SYSTEM32\VERSION.dll
0x00007ffd1e220000 - 0x00007ffd1e232000 	C:\WINDOWS\SYSTEM32\UMPDC.dll
0x00007ffd1ce80000 - 0x00007ffd1ce92000 	C:\WINDOWS\SYSTEM32\kernel.appcore.dll
0x00007ffd1bfe0000 - 0x00007ffd1bfea000 	C:\Users\athit\.p2\pool\plugins\org.eclipse.justj.openjdk.hotspot.jre.full.win32.x86_64_23.0.1.v20241024-1700\jre\bin\jimage.dll
0x00007ffd1c8e0000 - 0x00007ffd1cac4000 	C:\WINDOWS\SYSTEM32\DBGHELP.DLL
0x00007ffd01d80000 - 0x00007ffd01db4000 	C:\WINDOWS\SYSTEM32\dbgcore.DLL
0x00007ffd1f040000 - 0x00007ffd1f0c2000 	C:\WINDOWS\System32\bcryptPrimitives.dll
0x00007ffcf4150000 - 0x00007ffcf418c000 	C:\Users\athit\.p2\pool\plugins\org.eclipse.justj.openjdk.hotspot.jre.full.win32.x86_64_23.0.1.v20241024-1700\jre\bin\jdwp.dll
0x00007ffd0bfb0000 - 0x00007ffd0bfbf000 	C:\Users\athit\.p2\pool\plugins\org.eclipse.justj.openjdk.hotspot.jre.full.win32.x86_64_23.0.1.v20241024-1700\jre\bin\instrument.dll
0x00007ffd14ec0000 - 0x00007ffd14ede000 	C:\Users\athit\.p2\pool\plugins\org.eclipse.justj.openjdk.hotspot.jre.full.win32.x86_64_23.0.1.v20241024-1700\jre\bin\java.dll
0x00007ffd1fa30000 - 0x00007ffd1fb5b000 	C:\WINDOWS\System32\ole32.dll
0x00007ffd20d20000 - 0x00007ffd21073000 	C:\WINDOWS\System32\combase.dll
0x00007ffd1fc00000 - 0x00007ffd2036d000 	C:\WINDOWS\System32\SHELL32.dll
0x00007ffd1cea0000 - 0x00007ffd1d644000 	C:\WINDOWS\SYSTEM32\windows.storage.dll
0x00007ffd1e850000 - 0x00007ffd1e87e000 	C:\WINDOWS\SYSTEM32\Wldp.dll
0x00007ffd1f960000 - 0x00007ffd1fa2d000 	C:\WINDOWS\System32\OLEAUT32.dll
0x00007ffd210e0000 - 0x00007ffd2118d000 	C:\WINDOWS\System32\SHCORE.dll
0x00007ffd203a0000 - 0x00007ffd203f5000 	C:\WINDOWS\System32\shlwapi.dll
0x00007ffd1ed50000 - 0x00007ffd1ed74000 	C:\WINDOWS\SYSTEM32\profapi.dll
0x00007ffd107f0000 - 0x00007ffd10807000 	C:\Users\athit\.p2\pool\plugins\org.eclipse.justj.openjdk.hotspot.jre.full.win32.x86_64_23.0.1.v20241024-1700\jre\bin\zip.dll
0x00007ffd0b110000 - 0x00007ffd0b11c000 	C:\Users\athit\.p2\pool\plugins\org.eclipse.justj.openjdk.hotspot.jre.full.win32.x86_64_23.0.1.v20241024-1700\jre\bin\dt_socket.dll
0x00007ffd1e240000 - 0x00007ffd1e27b000 	C:\WINDOWS\SYSTEM32\IPHLPAPI.DLL
0x00007ffd1e5b0000 - 0x00007ffd1e61a000 	C:\WINDOWS\system32\mswsock.dll
0x00007ffd1e280000 - 0x00007ffd1e34a000 	C:\WINDOWS\SYSTEM32\DNSAPI.dll
0x00007ffd1f950000 - 0x00007ffd1f958000 	C:\WINDOWS\System32\NSI.dll
0x00007ffd16b30000 - 0x00007ffd16b3a000 	C:\Windows\System32\rasadhlp.dll
0x00007ffd12070000 - 0x00007ffd120f0000 	C:\WINDOWS\System32\fwpuclnt.dll
0x00007ffd177e0000 - 0x00007ffd177f0000 	C:\Users\athit\.p2\pool\plugins\org.eclipse.justj.openjdk.hotspot.jre.full.win32.x86_64_23.0.1.v20241024-1700\jre\bin\net.dll
0x00007ffd102b0000 - 0x00007ffd102c6000 	C:\Users\athit\.p2\pool\plugins\org.eclipse.justj.openjdk.hotspot.jre.full.win32.x86_64_23.0.1.v20241024-1700\jre\bin\nio.dll
0x00007ffd18d90000 - 0x00007ffd18da0000 	C:\Users\athit\.p2\pool\plugins\org.eclipse.justj.openjdk.hotspot.jre.full.win32.x86_64_23.0.1.v20241024-1700\jre\bin\verify.dll
0x00007ffd13f10000 - 0x00007ffd13f1a000 	C:\Users\athit\.p2\pool\plugins\org.eclipse.justj.openjdk.hotspot.jre.full.win32.x86_64_23.0.1.v20241024-1700\jre\bin\management.dll
0x00007ffd13a50000 - 0x00007ffd13a5b000 	C:\Users\athit\.p2\pool\plugins\org.eclipse.justj.openjdk.hotspot.jre.full.win32.x86_64_23.0.1.v20241024-1700\jre\bin\management_ext.dll
0x00007ffd20bd0000 - 0x00007ffd20bd8000 	C:\WINDOWS\System32\PSAPI.DLL
0x00007ffd108e0000 - 0x00007ffd108ee000 	C:\Users\athit\.p2\pool\plugins\org.eclipse.justj.openjdk.hotspot.jre.full.win32.x86_64_23.0.1.v20241024-1700\jre\bin\sunmscapi.dll
0x00007ffd1f520000 - 0x00007ffd1f67c000 	C:\WINDOWS\System32\CRYPT32.dll
0x00007ffd1e8c0000 - 0x00007ffd1e8e7000 	C:\WINDOWS\SYSTEM32\ncrypt.dll
0x00007ffd1e880000 - 0x00007ffd1e8bb000 	C:\WINDOWS\SYSTEM32\NTASN1.dll
0x00007ffd1e7a0000 - 0x00007ffd1e7b8000 	C:\WINDOWS\SYSTEM32\CRYPTSP.dll
0x00007ffd1de60000 - 0x00007ffd1de94000 	C:\WINDOWS\system32\rsaenh.dll
0x00007ffd1ecd0000 - 0x00007ffd1ecfe000 	C:\WINDOWS\SYSTEM32\USERENV.dll
0x00007ffd1e7c0000 - 0x00007ffd1e7cc000 	C:\WINDOWS\SYSTEM32\CRYPTBASE.dll

dbghelp: loaded successfully - version: 4.0.5 - missing functions: none
symbol engine: initialized successfully - sym options: 0x614 - pdb path: .;C:\Users\athit\.p2\pool\plugins\org.eclipse.justj.openjdk.hotspot.jre.full.win32.x86_64_23.0.1.v20241024-1700\jre\bin;C:\WINDOWS\SYSTEM32;C:\WINDOWS\WinSxS\amd64_microsoft.windows.common-controls_6595b64144ccf1df_6.0.19041.4355_none_60b8b9eb71f62e16;C:\Users\athit\.p2\pool\plugins\org.eclipse.justj.openjdk.hotspot.jre.full.win32.x86_64_23.0.1.v20241024-1700\jre\bin\server

VM Arguments:
jvm_args: -XX:+ShowCodeDetailsInExceptionMessages -agentlib:jdwp=transport=dt_socket,suspend=y,address=localhost:55269 -javaagent:C:\Users\athit\eclipse\java-2024-09\eclipse\configuration\org.eclipse.osgi\251\0\.cp\lib\javaagent-shaded.jar -Dfile.encoding=UTF-8 -Dstdout.encoding=UTF-8 -Dstderr.encoding=UTF-8 
java_command: com.reviewApp.reviewApp.ReviewAppApplication
java_class_path (initial): C:\Users\athit\Desktop\reviewApp\target\classes;C:\Users\athit\.m2\repository\org\springframework\boot\spring-boot-starter-data-jpa\3.3.5\spring-boot-starter-data-jpa-3.3.5.jar;C:\Users\athit\.m2\repository\org\springframework\boot\spring-boot-starter-aop\3.3.5\spring-boot-starter-aop-3.3.5.jar;C:\Users\athit\.m2\repository\org\springframework\spring-aop\6.1.14\spring-aop-6.1.14.jar;C:\Users\athit\.m2\repository\org\aspectj\aspectjweaver\1.9.22.1\aspectjweaver-1.9.22.1.jar;C:\Users\athit\.m2\repository\org\springframework\boot\spring-boot-starter-jdbc\3.3.5\spring-boot-starter-jdbc-3.3.5.jar;C:\Users\athit\.m2\repository\com\zaxxer\HikariCP\5.1.0\HikariCP-5.1.0.jar;C:\Users\athit\.m2\repository\org\springframework\spring-jdbc\6.1.14\spring-jdbc-6.1.14.jar;C:\Users\athit\.m2\repository\org\hibernate\orm\hibernate-core\6.5.3.Final\hibernate-core-6.5.3.Final.jar;C:\Users\athit\.m2\repository\jakarta\persistence\jakarta.persistence-api\3.1.0\jakarta.persistence-api-3.1.0.jar;C:\Users\athit\.m2\repository\jakarta\transaction\jakarta.transaction-api\2.0.1\jakarta.transaction-api-2.0.1.jar;C:\Users\athit\.m2\repository\org\jboss\logging\jboss-logging\3.5.3.Final\jboss-logging-3.5.3.Final.jar;C:\Users\athit\.m2\repository\org\hibernate\common\hibernate-commons-annotations\6.0.6.Final\hibernate-commons-annotations-6.0.6.Final.jar;C:\Users\athit\.m2\repository\io\smallrye\jandex\3.1.2\jandex-3.1.2.jar;C:\Users\athit\.m2\repository\com\fasterxml\classmate\1.7.0\classmate-1.7.0.jar;C:\Users\athit\.m2\repository\net\bytebuddy\byte-buddy\1.14.19\byte-buddy-1.14.19.jar;C:\Users\athit\.m2\repository\org\glassfish\jaxb\jaxb-runtime\4.0.5\jaxb-runtime-4.0.5.jar;C:\Users\athit\.m2\repository\org\glassfish\jaxb\jaxb-core\4.0.5\jaxb-core-4.0.5.jar;C:\Users\athit\.m2\repository\org\eclipse\angus\angus-activation\2.0.2\angus-activation-2.0.2.jar;C:\Users\athit\.m2\repository\org\glassfish\jaxb\txw2\4.0.5\txw2-4.0.5.jar;C:\Users\athit\.m2\repository\com\sun\istack\istack-commons-runtime\4.1.2\istack-commons-runtime-4.1.2.jar;C:\Users\athit\.m2\repository\jakarta\inject\jakarta.inject-api\2.0.1\jakarta.inject-api-2.0.1.jar;C:\Users\athit\.m2\repository\org\antlr\antlr4-runtime\4.13.0\antlr4-runtime-4.13.0.jar;C:\Users\athit\.m2\repository\org\springframework\data\spring-data-jpa\3.3.5\spring-data-jpa-3.3.5.jar;C:\Users\athit\.m2\repository\org\springframework\data\spring-data-commons\3.3.5\spring-data-commons-3.3.5.jar;C:\Users\athit\.m2\repository\org\springframework\spring-orm\6.1.14\spring-orm-6.1.14.jar;C:\Users\athit\.m2\repository\org\springframework\spring-context\6.1.14\spring-context-6.1.14.jar;C:\Users\athit\.m2\repository\org\springframework\spring-tx\6.1.14\spring-tx-6.1.14.jar;C:\Users\athit\.m2\repository\org\springframework\spring-beans\6.1.14\spring-beans-6.1.14.jar;C:\Users\athit\.m2\repository\jakarta\annotation\jakarta.annotation-api\2.1.1\jakarta.annotation-api-2.1.1.jar;C:\Users\athit\.m2\repository\org\slf4j\slf4j-api\2.0.16\slf4j-api-2.0.16.jar;C:\Users\athit\.m2\repository\org\springframework\spring-aspects\6.1.14\spring-aspects-6.1.14.jar;C:\Users\athit\.m2\repository\org\springframework\boot\spring-boot-starter-web\3.3.5\spring-boot-starter-web-3.3.5.jar;C:\Users\athit\.m2\repository\org\springframework\boot\spring-boot-starter\3.3.5\spring-boot-starter-3.3.5.jar;C:\Users\athit\.m2\repository\org\springframework\boot\spring-boot-starter-logging\3.3.5\spring-boot-starter-logging-3.3.5.jar;C:\Users\athit\.m2\repository\ch\qos\logback\logback-classic\1.5.11\logback-classic-1.5.11.jar;C:\Users\athit\.m2\repository\ch\qos\logback\logback-core\1.5.11\logback-core-1.5.11.jar;C:\Users\athit\.m2\repository\org\apache\logging\log4j\log4j-to-slf4j\2.23.1\log4j-to-slf4j-2.23.1.jar;C:\Users\athit\.m2\repository\org\apache\logging\log4j\log4j-api\2.23.1\log4j-api-2.23.1.jar;C:\Users\athit\.m2\repository\org\slf4j\jul-to-slf4j\2.0.16\jul-to-slf4j-2.0.16.jar;C:\Users\athit\.m2\repository\org\yaml\snakeyaml\2.2\snakeyaml-2.2.jar;C:\Users\athit\.m2\repository\org\springframework\boot\spring-boot-starter-json\3.3.5\spring-boot-starter-json-3.3.5.jar;C:\Users\athit\.m2\repository\com\fasterxml\jackson\core\jackson-databind\2.17.2\jackson-databind-2.17.2.jar;C:\Users\athit\.m2\repository\com\fasterxml\jackson\core\jackson-annotations\2.17.2\jackson-annotations-2.17.2.jar;C:\Users\athit\.m2\repository\com\fasterxml\jackson\core\jackson-core\2.17.2\jackson-core-2.17.2.jar;C:\Users\athit\.m2\repository\com\fasterxml\jackson\datatype\jackson-datatype-jdk8\2.17.2\jackson-datatype-jdk8-2.17.2.jar;C:\Users\athit\.m2\repository\com\fasterxml\jackson\datatype\jackson-datatype-jsr310\2.17.2\jackson-datatype-jsr310-2.17.2.jar;C:\Users\athit\.m2\repository\com\fasterxml\jackson\module\jackson-module-parameter-names\2.17.2\jackson-module-parameter-names-2.17.2.jar;C:\Users\athit\.m2\repository\org\springframework\boot\spring-boot-starter-tomcat\3.3.5\spring-boot-starter-tomcat-3.3.5.jar;C:\Users\athit\.m2\repository\org\apache\tomcat\embed\tomcat-embed-core\10.1.31\tomcat-embed-core-10.1.31.jar;C:\Users\athit\.m2\repository\org\apache\tomcat\embed\tomcat-embed-el\10.1.31\tomcat-embed-el-10.1.31.jar;C:\Users\athit\.m2\repository\org\apache\tomcat\embed\tomcat-embed-websocket\10.1.31\tomcat-embed-websocket-10.1.31.jar;C:\Users\athit\.m2\repository\org\springframework\spring-web\6.1.14\spring-web-6.1.14.jar;C:\Users\athit\.m2\repository\io\micrometer\micrometer-observation\1.13.6\micrometer-observation-1.13.6.jar;C:\Users\athit\.m2\repository\io\micrometer\micrometer-commons\1.13.6\micrometer-commons-1.13.6.jar;C:\Users\athit\.m2\repository\org\springframework\spring-webmvc\6.1.14\spring-webmvc-6.1.14.jar;C:\Users\athit\.m2\repository\org\springframework\spring-expression\6.1.14\spring-expression-6.1.14.jar;C:\Users\athit\.m2\repository\org\springframework\boot\spring-boot-devtools\3.3.5\spring-boot-devtools-3.3.5.jar;C:\Users\athit\.m2\repository\org\springframework\boot\spring-boot\3.3.5\spring-boot-3.3.5.jar;C:\Users\athit\.m2\repository\org\springframework\boot\spring-boot-autoconfigure\3.3.5\spring-boot-autoconfigure-3.3.5.jar;C:\Users\athit\.m2\repository\com\h2database\h2\2.2.224\h2-2.2.224.jar;C:\Users\athit\.m2\repository\org\projectlombok\lombok\1.18.34\lombok-1.18.34.jar;C:\Users\athit\.m2\repository\jakarta\xml\bind\jakarta.xml.bind-api\4.0.2\jakarta.xml.bind-api-4.0.2.jar;C:\Users\athit\.m2\repository\jakarta\activation\jakarta.activation-api\2.1.3\jakarta.activation-api-2.1.3.jar;C:\Users\athit\.m2\repository\org\springframework\spring-core\6.1.14\spring-core-6.1.14.jar;C:\Users\athit\.m2\repository\org\springframework\spring-jcl\6.1.14\spring-jcl-6.1.14.jar
Launcher Type: SUN_STANDARD

[Global flags]
     intx CICompilerCount                          = 4                                         {product} {ergonomic}
     uint ConcGCThreads                            = 2                                         {product} {ergonomic}
     uint G1ConcRefinementThreads                  = 8                                         {product} {ergonomic}
   size_t G1HeapRegionSize                         = 1048576                                   {product} {ergonomic}
   size_t InitialHeapSize                          = 132120576                                 {product} {ergonomic}
   size_t MarkStackSize                            = 4194304                                   {product} {ergonomic}
   size_t MarkStackSizeMax                         = 536870912                                 {product} {ergonomic}
   size_t MaxHeapSize                              = 2109734912                                {product} {ergonomic}
   size_t MaxNewSize                               = 1265631232                                {product} {ergonomic}
   size_t MinHeapDeltaBytes                        = 1048576                                   {product} {ergonomic}
   size_t MinHeapSize                              = 8388608                                   {product} {ergonomic}
    uintx NonNMethodCodeHeapSize                   = 5832704                                {pd product} {ergonomic}
    uintx NonProfiledCodeHeapSize                  = 122945536                              {pd product} {ergonomic}
    uintx ProfiledCodeHeapSize                     = 122880000                              {pd product} {ergonomic}
    uintx ReservedCodeCacheSize                    = 251658240                              {pd product} {ergonomic}
     bool SegmentedCodeCache                       = true                                      {product} {ergonomic}
     bool ShowCodeDetailsInExceptionMessages       = true                                   {manageable} {command line}
   size_t SoftMaxHeapSize                          = 2109734912                             {manageable} {ergonomic}
     bool UseCompressedOops                        = true                           {product lp64_product} {ergonomic}
     bool UseG1GC                                  = true                                      {product} {ergonomic}
     bool UseLargePagesIndividualAllocation        = false                                  {pd product} {ergonomic}

Logging:
Log output configuration:
 #0: stdout all=warning uptime,level,tags foldmultilines=false
 #1: stderr all=off uptime,level,tags foldmultilines=false

Environment Variables:
PATH=C:\Users\athit\.p2\pool\plugins\org.eclipse.justj.openjdk.hotspot.jre.full.win32.x86_64_23.0.1.v20241024-1700\jre\bin;C:/Users/athit/.p2/pool/plugins/org.eclipse.justj.openjdk.hotspot.jre.full.win32.x86_64_23.0.1.v20241024-1700/jre/bin/server;C:/Users/athit/.p2/pool/plugins/org.eclipse.justj.openjdk.hotspot.jre.full.win32.x86_64_23.0.1.v20241024-1700/jre/bin;C:\Program Files (x86)\Common Files\Oracle\Java\java8path;C:\Program Files (x86)\Common Files\Oracle\Java\javapath;C:\Program Files (x86)\VMware\VMware Player\bin\;C:\Program Files (x86)\Common Files\Intel\Shared Libraries\redist\intel64\compiler;C:\Windows\system32;C:\Windows;C:\Windows\System32\Wbem;C:\Windows\System32\WindowsPowerShell\v1.0\;C:\Windows\System32\OpenSSH\;C:\Program Files (x86)\NVIDIA Corporation\PhysX\Common;C:\Program Files\NVIDIA Corporation\NVIDIA NvDLISR;C:\Program Files (x86)\Windows Live\Shared;C:\MSC.Software\Adams\2018\bin;C:\WINDOWS\system32;C:\WINDOWS;C:\WINDOWS\System32\Wbem;C:\WINDOWS\System32\WindowsPowerShell\v1.0\;C:\WINDOWS\System32\OpenSSH\;C:\Program Files (x86)\dotnet\;C:\Program Files\Amazon\AWSCLIV2\;C:\TERRAFORM;C:\Program Files\Git\cmd;C:\AWS\terra-code;C:\TERRAFORM;C:\Users\athit\AppData\Local\Programs\Microsoft VS Code\bin;C:\Program Files\Java\jdk1.8.0_202\bin;;C:\Users\athit\Desktop;
USERNAME=Athith
XDG_CACHE_HOME=C:\MSC.Software\Adams\2018
OS=Windows_NT
PROCESSOR_IDENTIFIER=Intel64 Family 6 Model 158 Stepping 10, GenuineIntel
TMP=C:\Users\athit\AppData\Local\Temp
TEMP=C:\Users\athit\AppData\Local\Temp




Periodic native trim disabled

---------------  S Y S T E M  ---------------

OS:
 Windows 10 , 64 bit Build 19041 (10.0.19041.5072)
OS uptime: 2 days 10:22 hours

CPU: total 8 (initial active 8) (4 cores per cpu, 2 threads per core) family 6 model 158 stepping 10 microcode 0xb4, cx8, cmov, fxsr, ht, mmx, 3dnowpref, sse, sse2, sse3, ssse3, sse4.1, sse4.2, popcnt, lzcnt, tsc, tscinvbit, avx, avx2, aes, erms, clmul, bmi1, bmi2, adx, fma, vzeroupper, clflush, clflushopt, rdtscp, f16c
Processor Information for processor 0
  Max Mhz: 2304, Current Mhz: 1402, Mhz Limit: 2304
Processor Information for processor 1
  Max Mhz: 2304, Current Mhz: 2304, Mhz Limit: 2304
Processor Information for processor 2
  Max Mhz: 2304, Current Mhz: 1402, Mhz Limit: 2304
Processor Information for processor 3
  Max Mhz: 2304, Current Mhz: 1402, Mhz Limit: 2304
Processor Information for processor 4
  Max Mhz: 2304, Current Mhz: 2304, Mhz Limit: 2304
Processor Information for processor 5
  Max Mhz: 2304, Current Mhz: 1402, Mhz Limit: 2304
Processor Information for processor 6
  Max Mhz: 2304, Current Mhz: 1402, Mhz Limit: 2304
Processor Information for processor 7
  Max Mhz: 2304, Current Mhz: 2304, Mhz Limit: 2304

Memory: 4k page, system-wide physical 8044M (705M free)
TotalPageFile size 15998M (AvailPageFile size 2618M)
current process WorkingSet (physical memory assigned to process): 218M, peak: 292M
current process commit charge ("private bytes"): 253M, peak: 322M

vm_info: OpenJDK 64-Bit Server VM (23.0.1+11) for windows-amd64 JRE (23.0.1+11), built on 2024-10-15T00:00:00Z with MS VC++ 17.7 (VS2022)

END.
